Log file open, 02/23/18 01:32:05
LogWindows: Failed to load 'aqProf.dll' (GetLastError=126)
LogWindows: File 'aqProf.dll' does not exist
LogWindows: Failed to load 'VSPerf140.dll' (GetLastError=126)
LogWindows: File 'VSPerf140.dll' does not exist
LogWindows: Failed to load 'VtuneApi.dll' (GetLastError=126)
LogWindows: File 'VtuneApi.dll' does not exist
LogWindows: Failed to load 'VtuneApi32e.dll' (GetLastError=126)
LogWindows: File 'VtuneApi32e.dll' does not exist
LogInit: Display: Running engine for game: Strategy
LogPlatformFile: Not using cached read wrapper
LogInit: Display: RandInit(1579866869) SRandInit(1579866869).
LogInit: Read version file with build ID '3709383'
LogInit: Overriding engine version to CL 3832480, compatible CL 3709383
LogInit: Registered custom module enumerator with build ID '3709383'
LogTaskGraph: Started task graph with 5 named threads and 14 total threads with 3 sets of task threads.
LogStats: Stats thread started at 0.162033
LogD3D11RHI: Aftermath initialized
LogPluginManager: Mounting plugin Paper2D
LogPluginManager: Mounting plugin LightPropagationVolume
LogPluginManager: Mounting plugin CodeLiteSourceCodeAccess
LogPluginManager: Mounting plugin GitSourceControl
LogPluginManager: Mounting plugin KDevelopSourceCodeAccess
LogPluginManager: Mounting plugin NullSourceCodeAccess
LogPluginManager: Mounting plugin PerforceSourceControl
LogPluginManager: Mounting plugin SubversionSourceControl
LogPluginManager: Mounting plugin UObjectPlugin
LogPluginManager: Mounting plugin VisualStudioCodeSourceCodeAccess
LogPluginManager: Mounting plugin VisualStudioSourceCodeAccess
LogPluginManager: Mounting plugin XCodeSourceCodeAccess
LogPluginManager: Mounting plugin AssetManagerEditor
LogPluginManager: Mounting plugin AudioCapture
LogPluginManager: Mounting plugin FacialAnimation
LogPluginManager: Mounting plugin GameplayTagsEditor
LogPluginManager: Mounting plugin MobileLauncherProfileWizard
LogPluginManager: Mounting plugin PluginBrowser
LogPluginManager: Mounting plugin SpeedTreeImporter
LogPluginManager: Mounting plugin AlembicImporter
LogPluginManager: Mounting plugin CharacterAI
LogPluginManager: Mounting plugin HTML5Networking
LogPluginManager: Mounting plugin AndroidMedia
LogPluginManager: Mounting plugin AvfMedia
LogPluginManager: Mounting plugin ImgMedia
LogPluginManager: Mounting plugin MediaCompositing
LogPluginManager: Mounting plugin MediaPlayerEditor
LogPluginManager: Mounting plugin WmfMedia
LogPluginManager: Mounting plugin TcpMessaging
LogPluginManager: Mounting plugin UdpMessaging
LogPluginManager: Mounting plugin ActorSequence
LogPluginManager: Mounting plugin LevelSequenceEditor
LogPluginManager: Mounting plugin MatineeToLevelSequence
LogPluginManager: Mounting plugin OnlineSubsystemGooglePlay
LogPluginManager: Mounting plugin OnlineSubsystemIOS
LogPluginManager: Mounting plugin OnlineSubsystem
LogPluginManager: Mounting plugin OnlineSubsystemNull
LogPluginManager: Mounting plugin OnlineSubsystemUtils
LogPluginManager: Mounting plugin AndroidDeviceProfileSelector
LogPluginManager: Mounting plugin AndroidMoviePlayer
LogPluginManager: Mounting plugin AndroidPermission
LogPluginManager: Mounting plugin AppleARKit
LogPluginManager: Mounting plugin AppleMoviePlayer
LogPluginManager: Mounting plugin ArchVisCharacter
LogPluginManager: Mounting plugin CableComponent
LogPluginManager: Mounting plugin CustomMeshComponent
LogPluginManager: Mounting plugin ExampleDeviceProfileSelector
LogPluginManager: Mounting plugin GoogleCloudMessaging
LogPluginManager: Mounting plugin ImmediatePhysics
LogPluginManager: Mounting plugin IOSDeviceProfileSelector
LogPluginManager: Mounting plugin LinuxDeviceProfileSelector
LogPluginManager: Mounting plugin LocationServicesBPLibrary
LogPluginManager: Mounting plugin MobilePatchingUtils
LogPluginManager: Mounting plugin OculusVR
LogPluginManager: Plugin shader directory ../../../Engine/Plugins/Runtime/Oculus/OculusVR/Shaders found
LogPluginManager: Mapping shader source directory ../../../Engine/Plugins/Runtime/Oculus/OculusVR/Shaders to virtual directory /Plugin/OculusVR
LogPluginManager: Mounting plugin PhysXVehicles
LogPluginManager: Mounting plugin ProceduralMeshComponent
LogPluginManager: Mounting plugin RuntimePhysXCooking
LogPluginManager: Mounting plugin SteamVR
LogPluginManager: Mounting plugin WindowsMoviePlayer
LogModuleManager: Display: Found up-to-date module file D:/Unreal Projects/myproject/Binaries/Win64/UE4Editor-Strategy-9407.dll (API version 3709383).
LogModuleManager: Display: Found up-to-date module file ../../../Engine/Plugins/2D/Paper2D/Binaries/Win64/UE4Editor-Paper2D.dll (API version 3709383).
LogModuleManager: Display: Found up-to-date module file ../../../Engine/Plugins/2D/Paper2D/Binaries/Win64/UE4Editor-Paper2DEditor.dll (API version 3709383).
LogModuleManager: Display: Found up-to-date module file ../../../Engine/Plugins/2D/Paper2D/Binaries/Win64/UE4Editor-PaperSpriteSheetImporter.dll (API version 3709383).
LogModuleManager: Display: Found up-to-date module file ../../../Engine/Plugins/2D/Paper2D/Binaries/Win64/UE4Editor-PaperTiledImporter.dll (API version 3709383).
LogModuleManager: Display: Found up-to-date module file ../../../Engine/Plugins/2D/Paper2D/Binaries/Win64/UE4Editor-SmartSnapping.dll (API version 3709383).
LogModuleManager: Display: Found up-to-date module file ../../../Engine/Plugins/Blendables/LightPropagationVolume/Binaries/Win64/UE4Editor-LightPropagationVolumeRuntime.dll (API version 3709383).
LogModuleManager: Display: Found up-to-date module file ../../../Engine/Plugins/Blendables/LightPropagationVolume/Binaries/Win64/UE4Editor-LightPropagationVolumeEditor.dll (API version 3709383).
LogModuleManager: Display: Found up-to-date module file ../../../Engine/Plugins/Developer/GitSourceControl/Binaries/Win64/UE4Editor-GitSourceControl.dll (API version 3709383).
LogModuleManager: Display: Found up-to-date module file ../../../Engine/Plugins/Developer/PerforceSourceControl/Binaries/Win64/UE4Editor-PerforceSourceControl.dll (API version 3709383).
LogModuleManager: Display: Found up-to-date module file ../../../Engine/Plugins/Developer/SubversionSourceControl/Binaries/Win64/UE4Editor-SubversionSourceControl.dll (API version 3709383).
LogModuleManager: Display: Found up-to-date module file ../../../Engine/Plugins/Developer/UObjectPlugin/Binaries/Win64/UE4Editor-UObjectPlugin.dll (API version 3709383).
LogModuleManager: Display: Found up-to-date module file ../../../Engine/Plugins/Developer/VisualStudioCodeSourceCodeAccess/Binaries/Win64/UE4Editor-VisualStudioCodeSourceCodeAccess.dll (API version 3709383).
LogModuleManager: Display: Found up-to-date module file ../../../Engine/Plugins/Developer/VisualStudioSourceCodeAccess/Binaries/Win64/UE4Editor-VisualStudioSourceCodeAccess.dll (API version 3709383).
LogModuleManager: Display: Found up-to-date module file ../../../Engine/Plugins/Editor/AssetManagerEditor/Binaries/Win64/UE4Editor-AssetManagerEditor.dll (API version 3709383).
LogModuleManager: Display: Found up-to-date module file ../../../Engine/Plugins/Editor/AudioCapture/Binaries/Win64/UE4Editor-AudioCapture.dll (API version 3709383).
LogModuleManager: Display: Found up-to-date module file ../../../Engine/Plugins/Editor/FacialAnimation/Binaries/Win64/UE4Editor-FacialAnimation.dll (API version 3709383).
LogModuleManager: Display: Found up-to-date module file ../../../Engine/Plugins/Editor/FacialAnimation/Binaries/Win64/UE4Editor-FacialAnimationEditor.dll (API version 3709383).
LogModuleManager: Display: Found up-to-date module file ../../../Engine/Plugins/Editor/GameplayTagsEditor/Binaries/Win64/UE4Editor-GameplayTagsEditor.dll (API version 3709383).
LogModuleManager: Display: Found up-to-date module file ../../../Engine/Plugins/Editor/MobileLauncherProfileWizard/Binaries/Win64/UE4Editor-MobileLauncherProfileWizard.dll (API version 3709383).
LogModuleManager: Display: Found up-to-date module file ../../../Engine/Plugins/Editor/PluginBrowser/Binaries/Win64/UE4Editor-PluginBrowser.dll (API version 3709383).
LogModuleManager: Display: Found up-to-date module file ../../../Engine/Plugins/Editor/SpeedTreeImporter/Binaries/Win64/UE4Editor-SpeedTreeImporter.dll (API version 3709383).
LogModuleManager: Display: Found up-to-date module file ../../../Engine/Plugins/Experimental/AlembicImporter/Binaries/Win64/UE4Editor-AlembicImporter.dll (API version 3709383).
LogModuleManager: Display: Found up-to-date module file ../../../Engine/Plugins/Experimental/AlembicImporter/Binaries/Win64/UE4Editor-AlembicLibrary.dll (API version 3709383).
LogModuleManager: Display: Found up-to-date module file ../../../Engine/Plugins/Experimental/CharacterAI/Binaries/Win64/UE4Editor-CharacterAI.dll (API version 3709383).
LogModuleManager: Display: Found up-to-date module file ../../../Engine/Plugins/Experimental/HTML5Networking/Binaries/Win64/UE4Editor-HTML5Networking.dll (API version 3709383).
LogModuleManager: Display: Found up-to-date module file ../../../Engine/Plugins/Media/AndroidMedia/Binaries/Win64/UE4Editor-AndroidMediaEditor.dll (API version 3709383).
LogModuleManager: Display: Found up-to-date module file ../../../Engine/Plugins/Media/AndroidMedia/Binaries/Win64/UE4Editor-AndroidMediaFactory.dll (API version 3709383).
LogModuleManager: Display: Found up-to-date module file ../../../Engine/Plugins/Media/AvfMedia/Binaries/Win64/UE4Editor-AvfMediaEditor.dll (API version 3709383).
LogModuleManager: Display: Found up-to-date module file ../../../Engine/Plugins/Media/AvfMedia/Binaries/Win64/UE4Editor-AvfMediaFactory.dll (API version 3709383).
LogModuleManager: Display: Found up-to-date module file ../../../Engine/Plugins/Media/AvfMedia/Binaries/Win64/UE4Editor-AvfMediaFactory.dll (API version 3709383).
LogModuleManager: Display: Found up-to-date module file ../../../Engine/Plugins/Media/ImgMedia/Binaries/Win64/UE4Editor-ImgMedia.dll (API version 3709383).
LogModuleManager: Display: Found up-to-date module file ../../../Engine/Plugins/Media/ImgMedia/Binaries/Win64/UE4Editor-ImgMediaEditor.dll (API version 3709383).
LogModuleManager: Display: Found up-to-date module file ../../../Engine/Plugins/Media/ImgMedia/Binaries/Win64/UE4Editor-ImgMediaFactory.dll (API version 3709383).
LogModuleManager: Display: Found up-to-date module file ../../../Engine/Plugins/Media/ImgMedia/Binaries/Win64/UE4Editor-ImgMediaFactory.dll (API version 3709383).
LogModuleManager: Display: Found up-to-date module file ../../../Engine/Plugins/Media/ImgMedia/Binaries/Win64/UE4Editor-OpenExrWrapper.dll (API version 3709383).
LogModuleManager: Display: Found up-to-date module file ../../../Engine/Plugins/Media/MediaCompositing/Binaries/Win64/UE4Editor-MediaCompositing.dll (API version 3709383).
LogModuleManager: Display: Found up-to-date module file ../../../Engine/Plugins/Media/MediaCompositing/Binaries/Win64/UE4Editor-MediaCompositingEditor.dll (API version 3709383).
LogModuleManager: Display: Found up-to-date module file ../../../Engine/Plugins/Media/MediaPlayerEditor/Binaries/Win64/UE4Editor-MediaPlayerEditor.dll (API version 3709383).
LogModuleManager: Display: Found up-to-date module file ../../../Engine/Plugins/Media/WmfMedia/Binaries/Win64/UE4Editor-WmfMedia.dll (API version 3709383).
LogModuleManager: Display: Found up-to-date module file ../../../Engine/Plugins/Media/WmfMedia/Binaries/Win64/UE4Editor-WmfMediaEditor.dll (API version 3709383).
LogModuleManager: Display: Found up-to-date module file ../../../Engine/Plugins/Media/WmfMedia/Binaries/Win64/UE4Editor-WmfMediaFactory.dll (API version 3709383).
LogModuleManager: Display: Found up-to-date module file ../../../Engine/Plugins/Media/WmfMedia/Binaries/Win64/UE4Editor-WmfMediaFactory.dll (API version 3709383).
LogModuleManager: Display: Found up-to-date module file ../../../Engine/Plugins/Messaging/TcpMessaging/Binaries/Win64/UE4Editor-TcpMessaging.dll (API version 3709383).
LogModuleManager: Display: Found up-to-date module file ../../../Engine/Plugins/Messaging/UdpMessaging/Binaries/Win64/UE4Editor-UdpMessaging.dll (API version 3709383).
LogModuleManager: Display: Found up-to-date module file ../../../Engine/Plugins/MovieScene/ActorSequence/Binaries/Win64/UE4Editor-ActorSequence.dll (API version 3709383).
LogModuleManager: Display: Found up-to-date module file ../../../Engine/Plugins/MovieScene/LevelSequenceEditor/Binaries/Win64/UE4Editor-LevelSequenceEditor.dll (API version 3709383).
LogModuleManager: Display: Found up-to-date module file ../../../Engine/Plugins/MovieScene/MatineeToLevelSequence/Binaries/Win64/UE4Editor-MatineeToLevelSequence.dll (API version 3709383).
LogModuleManager: Display: Found up-to-date module file ../../../Engine/Plugins/Online/OnlineSubsystem/Binaries/Win64/UE4Editor-OnlineSubsystem.dll (API version 3709383).
LogModuleManager: Display: Found up-to-date module file ../../../Engine/Plugins/Online/OnlineSubsystemNull/Binaries/Win64/UE4Editor-OnlineSubsystemNull.dll (API version 3709383).
LogModuleManager: Display: Found up-to-date module file ../../../Engine/Plugins/Online/OnlineSubsystemUtils/Binaries/Win64/UE4Editor-OnlineSubsystemUtils.dll (API version 3709383).
LogModuleManager: Display: Found up-to-date module file ../../../Engine/Plugins/Online/OnlineSubsystemUtils/Binaries/Win64/UE4Editor-OnlineBlueprintSupport.dll (API version 3709383).
LogModuleManager: Display: Found up-to-date module file ../../../Engine/Plugins/Runtime/AndroidDeviceProfileSelector/Binaries/Win64/UE4Editor-AndroidDeviceProfileSelector.dll (API version 3709383).
LogModuleManager: Display: Found up-to-date module file ../../../Engine/Plugins/Runtime/AndroidPermission/Binaries/Win64/UE4Editor-AndroidPermission.dll (API version 3709383).
LogModuleManager: Display: Found up-to-date module file ../../../Engine/Plugins/Runtime/AppleARKit/Binaries/Win64/UE4Editor-AppleARKit.dll (API version 3709383).
LogModuleManager: Display: Found up-to-date module file ../../../Engine/Plugins/Runtime/ArchVisCharacter/Binaries/Win64/UE4Editor-ArchVisCharacter.dll (API version 3709383).
LogModuleManager: Display: Found up-to-date module file ../../../Engine/Plugins/Runtime/CableComponent/Binaries/Win64/UE4Editor-CableComponent.dll (API version 3709383).
LogModuleManager: Display: Found up-to-date module file ../../../Engine/Plugins/Runtime/CustomMeshComponent/Binaries/Win64/UE4Editor-CustomMeshComponent.dll (API version 3709383).
LogModuleManager: Display: Found up-to-date module file ../../../Engine/Plugins/Runtime/ExampleDeviceProfileSelector/Binaries/Win64/UE4Editor-ExampleDeviceProfileSelector.dll (API version 3709383).
LogModuleManager: Display: Found up-to-date module file ../../../Engine/Plugins/Runtime/ImmediatePhysics/Binaries/Win64/UE4Editor-ImmediatePhysics.dll (API version 3709383).
LogModuleManager: Display: Found up-to-date module file ../../../Engine/Plugins/Runtime/ImmediatePhysics/Binaries/Win64/UE4Editor-ImmediatePhysicsEditor.dll (API version 3709383).
LogModuleManager: Display: Found up-to-date module file ../../../Engine/Plugins/Runtime/LocationServicesBPLibrary/Binaries/Win64/UE4Editor-LocationServicesBPLibrary.dll (API version 3709383).
LogModuleManager: Display: Found up-to-date module file ../../../Engine/Plugins/Runtime/MobilePatchingUtils/Binaries/Win64/UE4Editor-MobilePatchingUtils.dll (API version 3709383).
LogModuleManager: Display: Found up-to-date module file ../../../Engine/Plugins/Runtime/Oculus/OculusVR/Binaries/Win64/UE4Editor-OculusHMD.dll (API version 3709383).
LogModuleManager: Display: Found up-to-date module file ../../../Engine/Plugins/Runtime/Oculus/OculusVR/Binaries/Win64/UE4Editor-OculusInput.dll (API version 3709383).
LogModuleManager: Display: Found up-to-date module file ../../../Engine/Plugins/Runtime/Oculus/OculusVR/Binaries/Win64/UE4Editor-OculusEditor.dll (API version 3709383).
LogModuleManager: Display: Found up-to-date module file ../../../Engine/Plugins/Runtime/PhysXVehicles/Binaries/Win64/UE4Editor-PhysXVehicles.dll (API version 3709383).
LogModuleManager: Display: Found up-to-date module file ../../../Engine/Plugins/Runtime/PhysXVehicles/Binaries/Win64/UE4Editor-PhysXVehiclesEditor.dll (API version 3709383).
LogModuleManager: Display: Found up-to-date module file ../../../Engine/Plugins/Runtime/ProceduralMeshComponent/Binaries/Win64/UE4Editor-ProceduralMeshComponent.dll (API version 3709383).
LogModuleManager: Display: Found up-to-date module file ../../../Engine/Plugins/Runtime/ProceduralMeshComponent/Binaries/Win64/UE4Editor-ProceduralMeshComponentEditor.dll (API version 3709383).
LogModuleManager: Display: Found up-to-date module file ../../../Engine/Plugins/Runtime/RuntimePhysXCooking/Binaries/Win64/UE4Editor-RuntimePhysXCooking.dll (API version 3709383).
LogModuleManager: Display: Found up-to-date module file ../../../Engine/Plugins/Runtime/Steam/SteamVR/Binaries/Win64/UE4Editor-SteamVR.dll (API version 3709383).
LogModuleManager: Display: Found up-to-date module file ../../../Engine/Plugins/Runtime/Steam/SteamVR/Binaries/Win64/UE4Editor-SteamVRController.dll (API version 3709383).
LogModuleManager: Display: Found up-to-date module file ../../../Engine/Plugins/Runtime/WindowsMoviePlayer/Binaries/Win64/UE4Editor-WindowsMoviePlayer.dll (API version 3709383).
LogInit: Using libcurl 7.47.1
LogInit:  - built for x86_64-pc-win32
LogInit:  - supports SSL with OpenSSL/1.0.2g
LogInit:  - supports HTTP deflate (compression) using libz 1.2.8
LogInit:  - other features:
LogInit:      CURL_VERSION_SSL
LogInit:      CURL_VERSION_LIBZ
LogInit:      CURL_VERSION_IPV6
LogInit:      CURL_VERSION_ASYNCHDNS
LogInit:      CURL_VERSION_LARGEFILE
LogInit:      CURL_VERSION_IDN
LogInit:  CurlRequestOptions (configurable via config and command line):
LogInit:  - bVerifyPeer = false  - Libcurl will NOT verify peer certificate
LogInit:  - bUseHttpProxy = false  - Libcurl will NOT use HTTP proxy
LogInit:  - bDontReuseConnections = false  - Libcurl will reuse connections
LogInit:  - CertBundlePath = nullptr  - Libcurl will use whatever was configured at build time.
LogInit: Build: ++UE4+Release-4.18-CL-3832480
LogInit: Engine Version: 4.18.3-3832480+++UE4+Release-4.18
LogInit: Compatible Engine Version: 4.18.0-3709383+++UE4+Release-4.18
LogInit: Net CL: 3709383
LogDevObjectVersion: Number of dev versions registered: 16
LogDevObjectVersion:   Dev-Blueprints (B0D832E4-1F89-4F0D-ACCF-7EB736FD4AA2): 10
LogDevObjectVersion:   Dev-Build (E1C64328-A22C-4D53-A36C-8E866417BD8C): 0
LogDevObjectVersion:   Dev-Core (375EC13C-06E4-48FB-B500-84F0262A717E): 2
LogDevObjectVersion:   Dev-Editor (E4B068ED-F494-42E9-A231-DA0B2E46BB41): 20
LogDevObjectVersion:   Dev-Framework (CFFC743F-43B0-4480-9391-14DF171D2073): 30
LogDevObjectVersion:   Dev-Mobile (B02B49B5-BB20-44E9-A304-32B752E40360): 0
LogDevObjectVersion:   Dev-Networking (A4E4105C-59A1-49B5-A7C5-40C4547EDFEE): 0
LogDevObjectVersion:   Dev-Online (39C831C9-5AE6-47DC-9A44-9C173E1C8E7C): 0
LogDevObjectVersion:   Dev-Physics (78F01B33-EBEA-4F98-B9B4-84EACCB95AA2): 0
LogDevObjectVersion:   Dev-Platform (6631380F-2D4D-43E0-8009-CF276956A95A): 0
LogDevObjectVersion:   Dev-Rendering (12F88B9F-8875-4AFC-A67C-D90C383ABD29): 20
LogDevObjectVersion:   Dev-Sequencer (7B5AE74C-D270-4C10-A958-57980B212A5A): 4
LogDevObjectVersion:   Dev-VR (D7296918-1DD6-4BDD-9DE2-64A83CC13884): 0
LogDevObjectVersion:   Dev-LoadTimes (C2A15278-BFE7-4AFE-6C17-90FF531DF755): 1
LogDevObjectVersion:   Private-Geometry (6EACA3D4-40EC-4CC1-B786-8BED09428FC5): 1
LogDevObjectVersion:   Dev-AnimPhys (29E575DD-E0A3-4627-9D10-D276232CDCEA): 12
LogInit: Compiled (64-bit): Jan 12 2018 02:04:55
LogInit: Compiled with Visual C++: 19.00.24215.01
LogInit: Build Configuration: Development
LogInit: Branch Name: ++UE4+Release-4.18
LogInit: Command line:  
LogInit: Base directory: C:/Program Files/Epic Games/UE_4.18/Engine/Binaries/Win64/
LogInit: Installed Engine Build: 1
LogInit: Presizing for max 8388607 objects, including 0 objects not considered by GC, pre-allocating 0 bytes for permanent pool.
LogInit: Object subsystem initialized
[2018.02.22-23.32.07:383][  0]LogInit: Selected Device Profile: [Windows]
[2018.02.22-23.32.07:383][  0]LogInit: Applying CVar settings loaded from the selected device profile: [Windows]
[2018.02.22-23.32.07:399][  0]LogInit: Computer: DESKTOP-HS70H9R
[2018.02.22-23.32.07:399][  0]LogInit: User: vmotl
[2018.02.22-23.32.07:399][  0]LogInit: CPU Page size=4096, Cores=4
[2018.02.22-23.32.07:399][  0]LogInit: High frequency timer resolution =4.101560 MHz
[2018.02.22-23.32.07:399][  0]LogMemory: Memory total: Physical=16.0GB (16GB approx)
[2018.02.22-23.32.07:399][  0]LogMemory: Platform Memory Stats for Windows
[2018.02.22-23.32.07:399][  0]LogMemory: Process Physical Memory: 271.66 MB used, 271.66 MB peak
[2018.02.22-23.32.07:399][  0]LogMemory: Process Virtual Memory: 269.82 MB used, 269.82 MB peak
[2018.02.22-23.32.07:399][  0]LogMemory: Physical Memory: 8726.66 MB used,  7615.33 MB free, 16341.99 MB total
[2018.02.22-23.32.07:399][  0]LogMemory: Virtual Memory: 682.28 MB used,  7615.33 MB free, 134217728.00 MB total
[2018.02.22-23.32.07:531][  0]LogInit: Using OS detected language (ru-RU).
[2018.02.22-23.32.07:531][  0]LogInit: Using OS detected locale (ru-RU).
[2018.02.22-23.32.07:533][  0]LogTextLocalizationManager: No localization for 'ru-RU' exists, so 'en' will be used for the language.
[2018.02.22-23.32.07:533][  0]LogTextLocalizationManager: No localization for 'ru-RU' exists, so 'en' will be used for the locale.
[2018.02.22-23.32.07:814][  0]LogInit: Setting process to per monitor DPI aware
[2018.02.22-23.32.07:997][  0]LogD3D11RHI: D3D11 adapters:
[2018.02.22-23.32.08:034][  0]LogD3D11RHI:    0. 'NVIDIA GeForce GTX 1080 Ti' (Feature Level 11_0)
[2018.02.22-23.32.08:034][  0]LogD3D11RHI:       11127/0/8170 MB DedicatedVideo/DedicatedSystem/SharedSystem, Outputs:1, VendorId:0x10de
[2018.02.22-23.32.08:036][  0]LogD3D11RHI:    1. 'Microsoft Basic Render Driver' (Feature Level 11_0)
[2018.02.22-23.32.08:036][  0]LogD3D11RHI:       0/0/8170 MB DedicatedVideo/DedicatedSystem/SharedSystem, Outputs:0, VendorId:0x1414
[2018.02.22-23.32.08:036][  0]LogD3D11RHI: Chosen D3D11 Adapter: 0
[2018.02.22-23.32.08:042][  0]LogD3D11RHI: Creating new Direct3DDevice
[2018.02.22-23.32.08:042][  0]LogD3D11RHI:     GPU DeviceId: 0x1b06 (for the marketing name, search the web for "GPU Device Id")
[2018.02.22-23.32.08:042][  0]LogWindows: EnumDisplayDevices:
[2018.02.22-23.32.08:042][  0]LogWindows:    0. 'NVIDIA GeForce GTX 1080 Ti' (P:1 D:1)
[2018.02.22-23.32.08:042][  0]LogWindows:    1. 'NVIDIA GeForce GTX 1080 Ti' (P:0 D:0)
[2018.02.22-23.32.08:042][  0]LogWindows:    2. 'NVIDIA GeForce GTX 1080 Ti' (P:0 D:0)
[2018.02.22-23.32.08:042][  0]LogWindows:    3. 'NVIDIA GeForce GTX 1080 Ti' (P:0 D:0)
[2018.02.22-23.32.08:043][  0]LogWindows: DebugString: GetVideoDriverDetailsInvalid PrimaryIsNotTheChoosenAdapter GetVideoDriverDetailsInvalid PrimaryIsNotTheChoosenAdapter GetVideoDriverDetailsInvalid PrimaryIsNotTheChoosenAdapter GetVideoDriverDetailsInvalid PrimaryIsNotTheChoosenAdapter FoundDriverCount:0 
[2018.02.22-23.32.08:043][  0]LogD3D11RHI:     Adapter Name: NVIDIA GeForce GTX 1080 Ti
[2018.02.22-23.32.08:043][  0]LogD3D11RHI:   Driver Version: Unknown (internal:Unknown, unified:Unknown)
[2018.02.22-23.32.08:043][  0]LogD3D11RHI:      Driver Date: Unknown
[2018.02.22-23.32.08:043][  0]LogRHI: Texture pool is 7788 MB (70% of 11127 MB)
[2018.02.22-23.32.08:063][  0]LogD3D11RHI: Async texture creation enabled
[2018.02.22-23.32.08:078][  0]LogD3D11RHI: GPU Timing Frequency: 1000.000000 (Debug: 2 2)
[2018.02.22-23.32.08:120][  0]LogShaderCompilers: Guid format shader working directory is 17 characters bigger than the processId version (D:/Unreal Projects/myproject/Intermediate/Shaders/WorkingDirectory/10548/).
[2018.02.22-23.32.08:121][  0]LogShaderCompilers: Cleaned the shader compiler working directory 'C:/Users/vmotl/AppData/Local/Temp/UnrealShaderWorkingDir/3A6C2B1A4FDBB8D531859397D7A5C79C/'.
[2018.02.22-23.32.08:121][  0]LogShaderCompilers: Display: Using Local Shader Compiler.
[2018.02.22-23.32.08:878][  0]LogTemp: Display: Loaded TP AllDesktopTargetPlatform
[2018.02.22-23.32.08:923][  0]LogTemp: Display: Loaded TP MacClientTargetPlatform
[2018.02.22-23.32.08:966][  0]LogTemp: Display: Loaded TP MacNoEditorTargetPlatform
[2018.02.22-23.32.09:010][  0]LogTemp: Display: Loaded TP MacServerTargetPlatform
[2018.02.22-23.32.09:055][  0]LogTemp: Display: Loaded TP MacTargetPlatform
[2018.02.22-23.32.09:099][  0]LogTemp: Display: Loaded TP WindowsClientTargetPlatform
[2018.02.22-23.32.09:143][  0]LogTemp: Display: Loaded TP WindowsNoEditorTargetPlatform
[2018.02.22-23.32.09:187][  0]LogTemp: Display: Loaded TP WindowsServerTargetPlatform
[2018.02.22-23.32.09:226][  0]LogTemp: Display: Loaded TP WindowsTargetPlatform
[2018.02.22-23.32.09:267][  0]LogTemp: Display: Loaded TP Android_ASTCTargetPlatform
[2018.02.22-23.32.09:309][  0]LogTemp: Display: Loaded TP Android_ATCTargetPlatform
[2018.02.22-23.32.09:352][  0]LogTemp: Display: Loaded TP Android_DXTTargetPlatform
[2018.02.22-23.32.09:393][  0]LogTemp: Display: Loaded TP Android_ETC1TargetPlatform
[2018.02.22-23.32.09:435][  0]LogTemp: Display: Loaded TP Android_ETC2TargetPlatform
[2018.02.22-23.32.09:520][  0]LogTemp: Display: Loaded TP Android_MultiTargetPlatform
[2018.02.22-23.32.09:520][  0]LogTemp: Display: Loaded TP Android_PVRTCTargetPlatform
[2018.02.22-23.32.09:574][  0]LogTemp: Display: Loaded TP AndroidTargetPlatform
[2018.02.22-23.32.09:614][  0]LogTemp: Display: Loaded TP HTML5TargetPlatform
[2018.02.22-23.32.09:694][  0]LogTemp: Display: Loaded TP IOSTargetPlatform
[2018.02.22-23.32.09:735][  0]LogTemp: Display: Loaded TP TVOSTargetPlatform
[2018.02.22-23.32.09:779][  0]LogTemp: Display: Loaded TP LinuxClientTargetPlatform
[2018.02.22-23.32.09:821][  0]LogTemp: Display: Loaded TP LinuxNoEditorTargetPlatform
[2018.02.22-23.32.09:863][  0]LogTemp: Display: Loaded TP LinuxServerTargetPlatform
[2018.02.22-23.32.09:905][  0]LogTemp: Display: Loaded TP LinuxTargetPlatform
[2018.02.22-23.32.09:905][  0]LogTargetPlatformManager: Display: Building Assets For Windows
[2018.02.22-23.32.10:329][  0]LogDerivedDataCache: Display: Max Cache Size: 512 MB
[2018.02.22-23.32.10:388][  0]LogDerivedDataCache: Loaded boot cache 0.06s 78MB C:/Users/vmotl/AppData/Local/UnrealEngine/4.18/DerivedDataCache/Boot.ddc.
[2018.02.22-23.32.10:388][  0]LogDerivedDataCache: Display: Loaded Boot cache: C:/Users/vmotl/AppData/Local/UnrealEngine/4.18/DerivedDataCache/Boot.ddc
[2018.02.22-23.32.10:389][  0]LogDerivedDataCache: FDerivedDataBackendGraph:  Pak pak cache file D:/Unreal Projects/myproject/DerivedDataCache/DDC.ddp not found, will not use a pak cache.
[2018.02.22-23.32.10:389][  0]LogDerivedDataCache: Unable to find inner node Pak for hierarchical cache Hierarchy.
[2018.02.22-23.32.10:389][  0]LogDerivedDataCache: FDerivedDataBackendGraph:  CompressedPak pak cache file D:/Unreal Projects/myproject/DerivedDataCache/Compressed.ddp not found, will not use a pak cache.
[2018.02.22-23.32.10:389][  0]LogDerivedDataCache: Unable to find inner node CompressedPak for hierarchical cache Hierarchy.
[2018.02.22-23.32.10:400][  0]LogDerivedDataCache: Display: Pak cache opened for reading ../../../Engine/DerivedDataCache/Compressed.ddp.
[2018.02.22-23.32.10:412][  0]LogDerivedDataCache: Using Local data cache path C:/Users/vmotl/AppData/Local/UnrealEngine/Common/DerivedDataCache: Writable
[2018.02.22-23.32.10:418][  0]LogMaterial: Verifying Global Shaders for PCD3D_SM5
[2018.02.22-23.32.10:419][  0]LogSlate: Using Freetype 2.6.0
[2018.02.22-23.32.10:419][  0]LogSlate: SlateFontCache - WITH_FREETYPE: 1, WITH_HARFBUZZ: 1
[2018.02.22-23.32.10:419][  0]LogSlate: SlateFontCache - WITH_FREETYPE: 1, WITH_HARFBUZZ: 1
[2018.02.22-23.32.10:670][  0]LogInit: Selected Device Profile: [Windows]
[2018.02.22-23.32.10:942][  0]LogSimplygon: Simplygon DLL not present - disabling.
[2018.02.22-23.32.10:978][  0]LogMeshReduction: Using SimplygonSwarm for distributed automatic mesh merging
[2018.02.22-23.32.10:978][  0]LogMeshReduction: Using QuadricMeshReduction for automatic static mesh reduction
[2018.02.22-23.32.10:978][  0]LogMeshReduction: No automatic skeletal mesh reduction module available
[2018.02.22-23.32.10:978][  0]LogMeshReduction: No automatic mesh merging module available
[2018.02.22-23.32.10:978][  0]LogMeshMerging: No automatic mesh merging module available
[2018.02.22-23.32.11:000][  0]LogNetVersion: Strategy , NetCL: 3709383, EngineNetVer: 2, GameNetVer: 0 (Checksum: 2322236227)
[2018.02.22-23.32.11:126][  0]LogAssetRegistry: FAssetRegistry took 0.0252 seconds to start up
[2018.02.22-23.32.11:495][  0]LogPackageLocalizationCache: Processed 7 localized package path(s) for 1 prioritized culture(s) in 0.018966 seconds
[2018.02.22-23.32.11:499][  0]LogUObjectArray: 35870 objects as part of root set at end of initial load.
[2018.02.22-23.32.11:499][  0]LogUObjectAllocator: 7363696 out of 0 bytes used by permanent object pool.
[2018.02.22-23.32.11:499][  0]LogUObjectArray: CloseDisregardForGC: 0/0 objects in disregard for GC pool
[2018.02.22-23.32.11:548][  0]LogInit: WinSock: version 1.1 (2.2), MaxSocks=32767, MaxUdp=65467
[2018.02.22-23.32.13:952][  0]LogTcpMessaging: Initializing TcpMessaging bridge
[2018.02.22-23.32.13:992][  0]LogUdpMessaging: Initializing bridge on interface 0.0.0.0:0 to multicast group 230.0.0.1:6666.
[2018.02.22-23.32.14:677][  0]LogMaterial: Uniform references updated for custom material expression Custom.
[2018.02.22-23.32.15:041][  0]SourceControl: Source control is disabled
[2018.02.22-23.32.15:041][  0]SourceControl: Source control is disabled
[2018.02.22-23.32.15:091][  0]SourceControl: Source control is disabled
[2018.02.22-23.32.15:140][  0]SourceControl: Source control is disabled
[2018.02.22-23.32.15:919][  0]LogAndroidPermission: UAndroidPermissionCallbackProxy::GetInstance
[2018.02.22-23.32.16:165][  0]LogOcInput: OculusInput pre-init called
[2018.02.22-23.32.16:420][  0]LogEngine: Initializing Engine...
[2018.02.22-23.32.16:423][  0]LogHMD: Failed to initialize OpenVR with code 110
[2018.02.22-23.32.16:596][  0]LogStats: UGameplayTagsManager::ConstructGameplayTagTree: Construct from data asset -  0.000 s
[2018.02.22-23.32.16:596][  0]LogStats: UGameplayTagsManager::ConstructGameplayTagTree: GameplayTagTreeChangedEvent.Broadcast -  0.000 s
[2018.02.22-23.32.16:748][  0]LogAIModule: Creating AISystem for world Untitled
[2018.02.22-23.32.16:754][  0]LogInit: XAudio2 using 'Динамики (Sound Blaster Recon3Di)' : 2 channels at 48 kHz using 32 bits per sample (channel mask 0x3)
[2018.02.22-23.32.16:771][  0]LogInit: FAudioDevice initialized.
[2018.02.22-23.32.16:849][  0]LogDerivedDataCache: Saved boot cache 0.08s 78MB C:/Users/vmotl/AppData/Local/UnrealEngine/4.18/DerivedDataCache/Boot.ddc.
[2018.02.22-23.32.16:863][  0]LogInit: Texture streaming: Enabled
[2018.02.22-23.32.16:956][  0]LogEngineSessionManager: EngineSessionManager initialized
[2018.02.22-23.32.16:956][  0]LogEngineSessionManager: EngineSessionManager sent abnormal shutdown report. Type=Crashed, SessionId={5739B158-4588-E7AC-D0BD-94B122DC3206}
[2018.02.22-23.32.17:075][  0]LogInit: Transaction tracking system initialized
[2018.02.22-23.32.17:362][  0]BlueprintLog: New page: Editor Load
[2018.02.22-23.32.18:154][  0]LocalizationService: Localization service is disabled
[2018.02.22-23.32.18:996][  0]LogConsoleResponse: Display: 
[2018.02.22-23.32.19:142][  0]LogCook: Display: Max memory allowance for cook 16384mb min free memory 0mb
[2018.02.22-23.32.19:142][  0]LogCook: Display: Mobile HDR setting 1
[2018.02.22-23.32.19:142][  0]LogFileCache: Scanning file cache for directory 'D:/Unreal Projects/myproject/Content/' took 0.01s
[2018.02.22-23.32.19:142][  0]LogGameplayTags: Display: UGameplayTagsManager::DoneAddingNativeTags. DelegateIsBound: 0
[2018.02.22-23.32.20:228][  0]SourceControl: Source control is disabled
[2018.02.22-23.32.20:228][  0]Cmd: MAP LOAD FILE="../../../Engine/Content/Maps/Templates/Template_Default.umap" TEMPLATE=1 SHOWPROGRESS=1 FEATURELEVEL=3
[2018.02.22-23.32.20:228][  0]LightingResults: New page: Lighting Build
[2018.02.22-23.32.20:265][  0]MapCheck: New page: Map Check
[2018.02.22-23.32.20:265][  0]LightingResults: New page: Lighting Build
[2018.02.22-23.32.20:423][  0]LogAIModule: Creating AISystem for world Untitled_1
[2018.02.22-23.32.20:427][  0]LogEditorServer: Finished looking for orphan Actors (0.000 secs)
[2018.02.22-23.32.20:435][  0]Cmd: MAP CHECKDEP NOCLEARLOG
[2018.02.22-23.32.20:473][  0]MapCheck: Map check complete: 0 Error(s), 0 Warning(s), took 37.866ms to complete.
[2018.02.22-23.32.20:473][  0]LogFileHelpers: Loading map 'Template_Default' took 0.245
[2018.02.22-23.32.20:535][  0]LogWindowsTextInputMethodSystem: Display: IME system now deactivated.
[2018.02.22-23.32.20:654][  0]LogCollectionManager: Loaded 0 collections in 0.002051 seconds
[2018.02.22-23.32.20:726][  0]LogFileCache: Scanning file cache for directory 'D:/Unreal Projects/myproject/Saved/Collections/' took 0.01s
[2018.02.22-23.32.20:726][  0]LogFileCache: Scanning file cache for directory 'D:/Unreal Projects/myproject/Content/Developers/vmotl/Collections/' took 0.01s
[2018.02.22-23.32.20:727][  0]LogFileCache: Scanning file cache for directory 'D:/Unreal Projects/myproject/Content/Collections/' took 0.01s
[2018.02.22-23.32.20:727][  0]LogCollectionManager: Rebuilt the GUID cache for 0 collections in 0.000000 seconds
[2018.02.22-23.32.20:733][  0]LogContentBrowser: Native class hierarchy populated in 0.0062 seconds. Added 2367 classes and 523 folders.
[2018.02.22-23.32.20:790][  0]LogContentBrowser: Native class hierarchy updated for 'WidgetCarousel' in 0.0005 seconds. Added 0 classes and 0 folders.
[2018.02.22-23.32.20:822][  0]LogContentBrowser: Native class hierarchy updated for 'AddContentDialog' in 0.0005 seconds. Added 0 classes and 0 folders.
[2018.02.22-23.32.20:862][  0]LogContentBrowser: Native class hierarchy updated for 'SceneOutliner' in 0.0005 seconds. Added 1 classes and 2 folders.
[2018.02.22-23.32.20:895][  0]LogSlate: Took 0.000206 seconds to synchronously load lazily loaded font '../../../Engine/Content/Slate/Fonts/Roboto-Regular.ttf' (155K)
[2018.02.22-23.32.20:897][  0]LogSlate: Took 0.000197 seconds to synchronously load lazily loaded font '../../../Engine/Content/Slate/Fonts/Roboto-Bold.ttf' (160K)
[2018.02.22-23.32.20:901][  0]LogSlate: Took 0.000150 seconds to synchronously load lazily loaded font '../../../Engine/Content/Editor/Slate/Fonts/FontAwesome.ttf' (139K)
[2018.02.22-23.32.20:969][  0]LogRenderer: Reallocating scene render targets to support 1208x576 Format 9 NumSamples 1 (Frame:1).
[2018.02.22-23.32.21:135][  0]LogContentBrowser: Native class hierarchy updated for 'HierarchicalLODOutliner' in 0.0005 seconds. Added 1 classes and 2 folders.
[2018.02.22-23.32.21:135][  0]LogLoad: (Engine Initialization) Total time: 16.20 seconds
[2018.02.22-23.32.21:136][  0]LogLoad: (Engine Initialization) Total Blueprint compile time: 0.00 seconds
[2018.02.22-23.32.21:136][  0]LogExternalProfiler: No external profilers were discovered.  External profiling features will not be available.
[2018.02.22-23.32.21:155][  0]LogAssetRegistry: Asset discovery search completed in 10.0516 seconds
[2018.02.22-23.32.21:157][  0]LogCollectionManager: Rebuilt the object cache for 0 collections in 0.000000 seconds (found 0 objects)
[2018.02.22-23.32.21:157][  0]LogCollectionManager: Fixed up redirectors for 0 collections in 0.000042 seconds (updated 0 objects)
[2018.02.22-23.32.21:159][  0]LogContentStreaming: Texture pool size now 600 MB
[2018.02.22-23.32.21:190][  0]LogSlate: Took 0.000173 seconds to synchronously load lazily loaded font '../../../Engine/Content/Slate/Fonts/Roboto-Light.ttf' (159K)
[2018.02.22-23.32.22:511][144]Candidate modules for hot reload:
[2018.02.22-23.32.22:511][144]  Strategy
[2018.02.22-23.32.22:511][144]Launching UnrealBuildTool... [C:/Program Files/Epic Games/UE_4.18/Engine/Binaries/DotNET/UnrealBuildTool.exe Strategy -ModuleWithSuffix Strategy 5695 Win64 Development -editorrecompile -canskiplink "D:/Unreal Projects/myproject/Strategy.uproject" ]
[2018.02.22-23.32.22:514][144]Warning: Starting HotReload took  0.0s.
[2018.02.22-23.32.23:380][245]CompilerResultsLog: New page: Compilation - Feb 23, 2018, 3:32:23 AM
[2018.02.22-23.32.23:380][245]CompilerResultsLog: Using 'git status' to determine working set for adaptive non-unity build.
[2018.02.22-23.32.23:380][245]CompilerResultsLog: Compiling game modules for hot reload
[2018.02.22-23.32.23:380][245]CompilerResultsLog: Target is up to date
[2018.02.22-23.32.23:381][245]CompilerResultsLog: Total build time: 0,71 seconds (NoActionsToExecute executor: 0,00 seconds)
[2018.02.22-23.32.23:381][245]LogMainFrame: MainFrame: Module compiling took 0.873 seconds
[2018.02.22-23.32.23:398][245]LogContentBrowser: Native class hierarchy populated in 0.0064 seconds. Added 2369 classes and 527 folders.
[2018.02.22-23.32.23:398][245]Display: HotReload took  0.9s.
[2018.02.22-23.32.38:793][606]Candidate modules for hot reload:
[2018.02.22-23.32.38:793][606]  Strategy
[2018.02.22-23.32.38:793][606]Launching UnrealBuildTool... [C:/Program Files/Epic Games/UE_4.18/Engine/Binaries/DotNET/UnrealBuildTool.exe Strategy -ModuleWithSuffix Strategy 4798 Win64 Development -editorrecompile -canskiplink "D:/Unreal Projects/myproject/Strategy.uproject" ]
[2018.02.22-23.32.38:796][606]Warning: Starting HotReload took  0.0s.
[2018.02.22-23.32.39:680][709]CompilerResultsLog: New page: Compilation - Feb 23, 2018, 3:32:39 AM
[2018.02.22-23.32.39:680][709]CompilerResultsLog: Using 'git status' to determine working set for adaptive non-unity build.
[2018.02.22-23.32.39:680][709]CompilerResultsLog: Compiling game modules for hot reload
[2018.02.22-23.32.39:680][709]CompilerResultsLog: Target is up to date
[2018.02.22-23.32.39:680][709]CompilerResultsLog: Total build time: 0,72 seconds (NoActionsToExecute executor: 0,00 seconds)
[2018.02.22-23.32.39:680][709]LogMainFrame: MainFrame: Module compiling took 0.890 seconds
[2018.02.22-23.32.39:697][709]LogContentBrowser: Native class hierarchy populated in 0.0063 seconds. Added 2369 classes and 527 folders.
[2018.02.22-23.32.39:698][709]Display: HotReload took  0.9s.
[2018.02.22-23.32.42:133][  0]LogSlate: Took 0.000116 seconds to synchronously load lazily loaded font '../../../Engine/Content/Slate/Fonts/Roboto-Light.ttf' (159K)
[2018.02.22-23.32.42:148][  0]LogAIModule: Creating AISystem for world Default
[2018.02.22-23.32.42:159][  0]Cmd: MAP LOAD FILE="D:/Unreal Projects/myproject/Content/Default.umap" TEMPLATE=0 SHOWPROGRESS=1 FEATURELEVEL=3
[2018.02.22-23.32.42:159][  0]LightingResults: New page: Lighting Build
[2018.02.22-23.32.42:160][  0]LoadErrors: New page: Loading map: Default.umap
[2018.02.22-23.32.42:160][  0]MapCheck: New page: Map Check
[2018.02.22-23.32.42:160][  0]LightingResults: New page: Lighting Build
[2018.02.22-23.32.42:168][  0]LogEditorServer: Finished looking for orphan Actors (0.000 secs)
[2018.02.22-23.32.42:184][  0]Cmd: MAP CHECKDEP NOCLEARLOG
[2018.02.22-23.32.42:223][  0]MapCheck: Map check complete: 0 Error(s), 0 Warning(s), took 39.007ms to complete.
[2018.02.22-23.32.42:223][  0]LogFileHelpers: Loading map 'Default' took 0.065
[2018.02.22-23.32.45:540][396]LogTemp: Repeating last play command: Selected Viewport
[2018.02.22-23.32.45:555][396]LogPlayLevel: PlayLevel: No blueprints needed recompiling
[2018.02.22-23.32.45:555][396]PIE: New page: PIE session: Default (Feb 23, 2018, 3:32:45 AM)
[2018.02.22-23.32.45:555][396]LogPlayLevel: Creating play world package: /Game/UEDPIE_0_Default
[2018.02.22-23.32.45:559][396]LogPlayLevel: PIE: StaticDuplicateObject took: (0.003596s)
[2018.02.22-23.32.45:560][396]LogAIModule: Creating AISystem for world Default
[2018.02.22-23.32.45:560][396]LogPlayLevel: PIE: World Init took: (0.001215s)
[2018.02.22-23.32.45:561][396]LogPlayLevel: PIE: Created PIE world by copying editor world from /Game/Default.Default to /Game/UEDPIE_0_Default.Default (0.005197s)
[2018.02.22-23.32.45:570][396]LogInit: XAudio2 using 'Динамики (Sound Blaster Recon3Di)' : 2 channels at 48 kHz using 32 bits per sample (channel mask 0x3)
[2018.02.22-23.32.45:575][396]LogInit: FAudioDevice initialized.
[2018.02.22-23.32.45:632][396]LogLoad: Game class is 'BPStrategyGameModeBase_C'
[2018.02.22-23.32.45:633][396]LogWorld: Bringing World /Game/UEDPIE_0_Default.Default up for play (max tick rate 0) at 2018.02.23-01.32.45
[2018.02.22-23.32.45:633][396]LogWorld: Bringing up level for play took: 0.000414
[2018.02.22-23.32.45:684][396]LogContentBrowser: Native class hierarchy updated for 'MovieSceneCapture' in 0.0005 seconds. Added 11 classes and 0 folders.
[2018.02.22-23.32.45:686][396]PIE: Play in editor start time for /Game/UEDPIE_0_Default 0.804
[2018.02.22-23.34.46:017][ 27]Candidate modules for hot reload:
[2018.02.22-23.34.46:017][ 27]  Strategy
[2018.02.22-23.34.46:017][ 27]Launching UnrealBuildTool... [C:/Program Files/Epic Games/UE_4.18/Engine/Binaries/DotNET/UnrealBuildTool.exe Strategy -ModuleWithSuffix Strategy 850 Win64 Development -editorrecompile -canskiplink "D:/Unreal Projects/myproject/Strategy.uproject" ]
[2018.02.22-23.34.46:020][ 27]Warning: Starting HotReload took  0.0s.
[2018.02.22-23.34.56:257][217]CompilerResultsLog: New page: Compilation - Feb 23, 2018, 3:34:56 AM
[2018.02.22-23.34.56:257][217]CompilerResultsLog: Using 'git status' to determine working set for adaptive non-unity build.
[2018.02.22-23.34.56:257][217]CompilerResultsLog: Compiling game modules for hot reload
[2018.02.22-23.34.56:257][217]CompilerResultsLog: Parsing headers for StrategyEditor
[2018.02.22-23.34.56:257][217]CompilerResultsLog:   Running UnrealHeaderTool "D:\Unreal Projects\myproject\Strategy.uproject" "D:\Unreal Projects\myproject\Intermediate\Build\Win64\StrategyEditor\Development\StrategyEditor.uhtmanifest" -LogCmds="loginit warning, logexit warning, logdatabase error" -Unattended -WarningsAsErrors -installed
[2018.02.22-23.34.56:257][217]CompilerResultsLog: Reflection code generated for StrategyEditor in 7,0719143 seconds
[2018.02.22-23.34.56:257][217]CompilerResultsLog: Performing 6 actions (4 in parallel)
[2018.02.22-23.34.56:257][217]CompilerResultsLog: StrategyPlayerController.cpp
[2018.02.22-23.34.56:257][217]CompilerResultsLog: Strategy.init.gen.cpp
[2018.02.22-23.34.56:257][217]CompilerResultsLog: StrategyPawn.gen.cpp
[2018.02.22-23.34.56:257][217]CompilerResultsLog: StrategyPawn.cpp
[2018.02.22-23.34.56:257][217]CompilerResultsLog: [5/6] Link UE4Editor-Strategy-850.dll
[2018.02.22-23.34.56:257][217]CompilerResultsLog: [6/6] Link UE4Editor-Strategy-850.lib
[2018.02.22-23.34.56:257][217]CompilerResultsLog:    Creating library D:\Unreal Projects\myproject\Intermediate\Build\Win64\UE4Editor\Development\UE4Editor-Strategy-850.lib and object D:\Unreal Projects\myproject\Intermediate\Build\Win64\UE4Editor\Development\UE4Editor-Strategy-850.exp
[2018.02.22-23.34.56:257][217]CompilerResultsLog:    Creating library D:\Unreal Projects\myproject\Intermediate\Build\Win64\UE4Editor\Development\UE4Editor-Strategy-850.suppressed.lib and object D:\Unreal Projects\myproject\Intermediate\Build\Win64\UE4Editor\Development\UE4Editor-Strategy-850.suppressed.exp
[2018.02.22-23.34.56:257][217]CompilerResultsLog: Total build time: 10,04 seconds (Local executor: 2,12 seconds)
[2018.02.22-23.34.56:257][217]LogMainFrame: MainFrame: Module compiling took 10.245 seconds
[2018.02.22-23.34.56:308][217]LogClass: Could not find existing class StrategyPawn in package /Script/Strategy for HotReload, assuming new class
[2018.02.22-23.34.56:310][217]LogHotReload: Re-instancing StrategyPawn after hot-reload.
[2018.02.22-23.34.56:347][217]LogContentBrowser: Native class hierarchy updated for 'Strategy' in 0.0006 seconds. Added 4 classes and 4 folders.
[2018.02.22-23.34.56:348][217]Display: HotReload successful (0 functions remapped  0 scriptstructs remapped)
[2018.02.22-23.34.56:409][217]LogContentBrowser: Native class hierarchy populated in 0.0062 seconds. Added 2369 classes and 527 folders.
[2018.02.22-23.34.56:409][217]Display: HotReload took 10.4s.
[2018.02.22-23.34.58:640][454]LogContentBrowser: Native class hierarchy updated for 'BlueprintGraph' in 0.0008 seconds. Added 116 classes and 0 folders.
[2018.02.22-23.34.59:069][454]LogSlate: Took 0.000109 seconds to synchronously load lazily loaded font '../../../Engine/Content/Slate/Fonts/Roboto-Regular.ttf' (155K)
[2018.02.22-23.34.59:124][454]LogSlate: Took 0.001333 seconds to synchronously load lazily loaded font '../../../Engine/Content/Editor/Slate/Fonts/Roboto-BoldCondensed.ttf' (158K)
[2018.02.22-23.35.02:617][827]BlueprintLog: New page: Compile BPStrategyPawn
[2018.02.22-23.35.03:285][881]Cmd: OBJ SAVEPACKAGE PACKAGE="/Game/BluePrints/BPStrategyPawn" FILE="D:/Unreal Projects/myproject/Content/BluePrints/BPStrategyPawn.uasset" SILENT=true
[2018.02.22-23.35.03:295][881]LogSavePackage: Save=6.39ms
[2018.02.22-23.35.03:295][881]LogSavePackage: Moving 'D:/Unreal Projects/myproject/Saved/BPStrategyPawn0A6772014A3DAEB5F59991A245783FD7.tmp' to 'D:/Unreal Projects/myproject/Content/BluePrints/BPStrategyPawn.uasset'
[2018.02.22-23.35.03:296][881]LogSavePackage: Display: Finished SavePackage D:/Unreal Projects/myproject/Content/BluePrints/BPStrategyPawn.uasset
[2018.02.22-23.35.05:007][ 66]LogTemp: Repeating last play command: Selected Viewport
[2018.02.22-23.35.05:016][ 66]LogPlayLevel: PlayLevel: No blueprints needed recompiling
[2018.02.22-23.35.05:016][ 66]PIE: New page: PIE session: Default (Feb 23, 2018, 3:35:05 AM)
[2018.02.22-23.35.05:016][ 66]LogPlayLevel: Creating play world package: /Game/UEDPIE_0_Default
[2018.02.22-23.35.05:019][ 66]LogPlayLevel: PIE: StaticDuplicateObject took: (0.002044s)
[2018.02.22-23.35.05:019][ 66]LogAIModule: Creating AISystem for world Default
[2018.02.22-23.35.05:019][ 66]LogPlayLevel: PIE: World Init took: (0.000592s)
[2018.02.22-23.35.05:019][ 66]LogPlayLevel: PIE: Created PIE world by copying editor world from /Game/Default.Default to /Game/UEDPIE_0_Default.Default (0.002830s)
[2018.02.22-23.35.05:036][ 66]LogInit: XAudio2 using 'Динамики (Sound Blaster Recon3Di)' : 2 channels at 48 kHz using 32 bits per sample (channel mask 0x3)
[2018.02.22-23.35.05:041][ 66]LogInit: FAudioDevice initialized.
[2018.02.22-23.35.05:069][ 66]LogLoad: Game class is 'BPStrategyGameModeBase_C'
[2018.02.22-23.35.05:070][ 66]LogWorld: Bringing World /Game/UEDPIE_0_Default.Default up for play (max tick rate 0) at 2018.02.23-01.35.05
[2018.02.22-23.35.05:070][ 66]LogWorld: Bringing up level for play took: 0.000453
[2018.02.22-23.35.05:072][ 66]PIE: Play in editor start time for /Game/UEDPIE_0_Default 0.191
[2018.02.22-23.35.11:914][855]LogSlate: Took 0.007021 seconds to synchronously load lazily loaded font '../../../Engine/Content/Editor/Slate/Fonts/Roboto-Italic.ttf' (157K)
[2018.02.22-23.36.35:715][541]BlueprintLog: New page: Compile BPStrategyPawn
[2018.02.22-23.36.36:286][588]Cmd: OBJ SAVEPACKAGE PACKAGE="/Game/BluePrints/BPStrategyPawn" FILE="D:/Unreal Projects/myproject/Content/BluePrints/BPStrategyPawn.uasset" SILENT=true
[2018.02.22-23.36.36:294][588]LogSavePackage: Save=6.37ms
[2018.02.22-23.36.36:294][588]LogSavePackage: Moving 'D:/Unreal Projects/myproject/Saved/BPStrategyPawn0947E470473E8F6D1661F2BF257851F4.tmp' to 'D:/Unreal Projects/myproject/Content/BluePrints/BPStrategyPawn.uasset'
[2018.02.22-23.36.36:295][588]LogSavePackage: Display: Finished SavePackage D:/Unreal Projects/myproject/Content/BluePrints/BPStrategyPawn.uasset
[2018.02.22-23.36.39:537][939]LogTemp: Repeating last play command: Selected Viewport
[2018.02.22-23.36.39:543][939]LogPlayLevel: PlayLevel: No blueprints needed recompiling
[2018.02.22-23.36.39:543][939]PIE: New page: PIE session: Default (Feb 23, 2018, 3:36:39 AM)
[2018.02.22-23.36.39:544][939]LogPlayLevel: Creating play world package: /Game/UEDPIE_0_Default
[2018.02.22-23.36.39:546][939]LogPlayLevel: PIE: StaticDuplicateObject took: (0.002696s)
[2018.02.22-23.36.39:547][939]LogAIModule: Creating AISystem for world Default
[2018.02.22-23.36.39:547][939]LogPlayLevel: PIE: World Init took: (0.000759s)
[2018.02.22-23.36.39:547][939]LogPlayLevel: PIE: Created PIE world by copying editor world from /Game/Default.Default to /Game/UEDPIE_0_Default.Default (0.003683s)
[2018.02.22-23.36.39:562][939]LogInit: XAudio2 using 'Динамики (Sound Blaster Recon3Di)' : 2 channels at 48 kHz using 32 bits per sample (channel mask 0x3)
[2018.02.22-23.36.39:567][939]LogInit: FAudioDevice initialized.
[2018.02.22-23.36.39:595][939]LogLoad: Game class is 'BPStrategyGameModeBase_C'
[2018.02.22-23.36.39:596][939]LogWorld: Bringing World /Game/UEDPIE_0_Default.Default up for play (max tick rate 0) at 2018.02.23-01.36.39
[2018.02.22-23.36.39:596][939]LogWorld: Bringing up level for play took: 0.000374
[2018.02.22-23.36.39:597][939]PIE: Play in editor start time for /Game/UEDPIE_0_Default 0.716
[2018.02.22-23.41.31:822][888]Cmd: QUIT_EDITOR
[2018.02.22-23.41.32:548][888]LogWindowsTextInputMethodSystem: Display: IME system now deactivated.
[2018.02.22-23.41.32:560][888]LogExit: Preparing to exit.
[2018.02.22-23.41.33:171][888]LogExit: Editor shut down
[2018.02.22-23.41.33:175][888]LogExit: Transaction tracking system shut down
[2018.02.22-23.41.33:340][888]LogDirectoryWatcher: A directory notification for '../../../Engine/Content/' was aborted.
[2018.02.22-23.41.33:340][888]LogDirectoryWatcher: A directory notification for 'D:/Unreal Projects/myproject/Content/' was aborted.
[2018.02.22-23.41.33:340][888]LogDirectoryWatcher: A directory notification for '../../../Engine/Plugins/2D/Paper2D/Content/' was aborted.
[2018.02.22-23.41.33:340][888]LogDirectoryWatcher: A directory notification for '../../../Engine/Plugins/Media/MediaCompositing/Content/' was aborted.
[2018.02.22-23.41.33:340][888]LogDirectoryWatcher: A directory notification for '../../../Engine/Plugins/Runtime/AppleARKit/Content/' was aborted.
[2018.02.22-23.41.33:340][888]LogDirectoryWatcher: A directory notification for '../../../Engine/Plugins/Runtime/Oculus/OculusVR/Content/' was aborted.
[2018.02.22-23.41.33:340][888]LogDirectoryWatcher: A directory notification for '../../../Engine/Plugins/Runtime/Steam/SteamVR/Content/' was aborted.
[2018.02.22-23.41.33:393][888]LogExit: Object subsystem successfully closed.
[2018.02.22-23.41.33:403][888]LogD3D11RHI: Shutdown
[2018.02.22-23.41.33:403][888]LogD3D11RHI: CleanupD3DDevice
[2018.02.22-23.41.33:405][888]LogD3D11RHI: ~FD3D11DynamicRHI
[2018.02.22-23.41.33:418][888]LogModuleManager: Shutting down and abandoning module BlueprintGraph (557)
[2018.02.22-23.41.33:418][888]LogModuleManager: Shutting down and abandoning module Strategy (555)
[2018.02.22-23.41.33:418][888]LogModuleManager: Shutting down and abandoning module MovieSceneCapture (554)
[2018.02.22-23.41.33:418][888]LogModuleManager: Shutting down and abandoning module HierarchicalLODOutliner (552)
[2018.02.22-23.41.33:418][888]LogModuleManager: Shutting down and abandoning module DesktopPlatform (550)
[2018.02.22-23.41.33:418][888]LogModuleManager: Shutting down and abandoning module SceneOutliner (548)
[2018.02.22-23.41.33:418][888]LogModuleManager: Shutting down and abandoning module AddContentDialog (546)
[2018.02.22-23.41.33:418][888]LogDirectoryWatcher: A directory notification for 'C:/Program Files/Epic Games/UE_4.18/FeaturePacks/' was aborted.
[2018.02.22-23.41.33:419][888]LogModuleManager: Shutting down and abandoning module WidgetCarousel (545)
[2018.02.22-23.41.33:419][888]LogModuleManager: Shutting down and abandoning module EditorWidgets (542)
[2018.02.22-23.41.33:419][888]LogModuleManager: Shutting down and abandoning module CollectionManager (540)
[2018.02.22-23.41.33:419][888]LogDirectoryWatcher: A directory notification for 'D:/Unreal Projects/myproject/Content/Collections/' was aborted.
[2018.02.22-23.41.33:419][888]LogDirectoryWatcher: A directory notification for 'D:/Unreal Projects/myproject/Content/Developers/vmotl/Collections/' was aborted.
[2018.02.22-23.41.33:419][888]LogDirectoryWatcher: A directory notification for 'D:/Unreal Projects/myproject/Saved/Collections/' was aborted.
[2018.02.22-23.41.33:419][888]LogModuleManager: Shutting down and abandoning module HierarchicalLODUtilities (538)
[2018.02.22-23.41.33:419][888]LogModuleManager: Shutting down and abandoning module StatsViewer (536)
[2018.02.22-23.41.33:419][888]LogModuleManager: Shutting down and abandoning module FoliageEdit (534)
[2018.02.22-23.41.33:419][888]LogModuleManager: Shutting down and abandoning module LandscapeEditor (532)
[2018.02.22-23.41.33:419][888]LogModuleManager: Shutting down and abandoning module MeshPaintMode (530)
[2018.02.22-23.41.33:419][888]LogModuleManager: Shutting down and abandoning module SceneDepthPickerMode (528)
[2018.02.22-23.41.33:419][888]LogModuleManager: Shutting down and abandoning module ActorPickerMode (526)
[2018.02.22-23.41.33:419][888]LogModuleManager: Shutting down and abandoning module GeometryMode (524)
[2018.02.22-23.41.33:419][888]LogModuleManager: Shutting down and abandoning module TextureAlignMode (522)
[2018.02.22-23.41.33:419][888]LogModuleManager: Shutting down and abandoning module BspMode (520)
[2018.02.22-23.41.33:419][888]LogModuleManager: Shutting down and abandoning module PIEPreviewDeviceProfileSelector (518)
[2018.02.22-23.41.33:419][888]LogModuleManager: Shutting down and abandoning module HardwareSurvey (516)
[2018.02.22-23.41.33:419][888]LogModuleManager: Shutting down and abandoning module SequenceRecorderSections (514)
[2018.02.22-23.41.33:419][888]LogModuleManager: Shutting down and abandoning module AutomationWorker (512)
[2018.02.22-23.41.33:419][888]LogModuleManager: Shutting down and abandoning module MatineeToLevelSequence (510)
[2018.02.22-23.41.33:419][888]LogModuleManager: Shutting down and abandoning module LevelSequenceEditor (508)
[2018.02.22-23.41.33:420][888]LogModuleManager: Shutting down and abandoning module PlacementMode (507)
[2018.02.22-23.41.33:420][888]LogModuleManager: Shutting down and abandoning module WmfMediaFactory (504)
[2018.02.22-23.41.33:420][888]LogModuleManager: Shutting down and abandoning module WmfMediaEditor (502)
[2018.02.22-23.41.33:420][888]LogModuleManager: Shutting down and abandoning module OpenExrWrapper (500)
[2018.02.22-23.41.33:420][888]LogModuleManager: Shutting down and abandoning module ImgMediaFactory (498)
[2018.02.22-23.41.33:420][888]LogModuleManager: Shutting down and abandoning module ImgMediaEditor (496)
[2018.02.22-23.41.33:420][888]LogModuleManager: Shutting down and abandoning module AvfMediaFactory (494)
[2018.02.22-23.41.33:420][888]LogModuleManager: Shutting down and abandoning module AvfMediaEditor (492)
[2018.02.22-23.41.33:420][888]LogModuleManager: Shutting down and abandoning module AndroidMediaFactory (490)
[2018.02.22-23.41.33:420][888]LogModuleManager: Shutting down and abandoning module AndroidMediaEditor (488)
[2018.02.22-23.41.33:420][888]LogModuleManager: Shutting down and abandoning module CharacterAI (486)
[2018.02.22-23.41.33:420][888]LogModuleManager: Shutting down and abandoning module AudioCapture (484)
[2018.02.22-23.41.33:420][888]LogModuleManager: Shutting down and abandoning module SequenceRecorder (483)
[2018.02.22-23.41.33:420][888]LogModuleManager: Shutting down and abandoning module SmartSnapping (480)
[2018.02.22-23.41.33:420][888]LogModuleManager: Shutting down and abandoning module SessionServices (478)
[2018.02.22-23.41.33:420][888]LogModuleManager: Shutting down and abandoning module ViewportSnapping (476)
[2018.02.22-23.41.33:420][888]LogModuleManager: Shutting down and abandoning module ViewportInteraction (474)
[2018.02.22-23.41.33:420][888]LogModuleManager: Shutting down and abandoning module ClothPainter (472)
[2018.02.22-23.41.33:420][888]LogModuleManager: Shutting down and abandoning module SkeletalMeshEditor (471)
[2018.02.22-23.41.33:420][888]LogModuleManager: Shutting down and abandoning module LogVisualizer (468)
[2018.02.22-23.41.33:420][888]LogModuleManager: Shutting down and abandoning module IntroTutorials (466)
[2018.02.22-23.41.33:420][888]LogModuleManager: Shutting down and abandoning module GameProjectGeneration (465)
[2018.02.22-23.41.33:420][888]LogModuleManager: Shutting down and abandoning module IOSPlatformEditor (462)
[2018.02.22-23.41.33:420][888]LogModuleManager: Shutting down and abandoning module HTML5PlatformEditor (460)
[2018.02.22-23.41.33:420][888]LogModuleManager: Shutting down and abandoning module AndroidPlatformEditor (458)
[2018.02.22-23.41.33:420][888]LogModuleManager: Shutting down and abandoning module AndroidDeviceDetection (457)
[2018.02.22-23.41.33:593][888]LogModuleManager: Shutting down and abandoning module WindowsPlatformEditor (454)
[2018.02.22-23.41.33:593][888]LogModuleManager: Shutting down and abandoning module IOSRuntimeSettings (452)
[2018.02.22-23.41.33:593][888]LogModuleManager: Shutting down and abandoning module AndroidRuntimeSettings (450)
[2018.02.22-23.41.33:593][888]LogModuleManager: Shutting down and abandoning module InputBindingEditor (448)
[2018.02.22-23.41.33:593][888]LogModuleManager: Shutting down and abandoning module MergeActors (446)
[2018.02.22-23.41.33:593][888]LogModuleManager: Shutting down and abandoning module SizeMap (444)
[2018.02.22-23.41.33:593][888]LogModuleManager: Shutting down and abandoning module TreeMap (442)
[2018.02.22-23.41.33:593][888]LogModuleManager: Shutting down and abandoning module ReferenceViewer (440)
[2018.02.22-23.41.33:593][888]LogModuleManager: Shutting down and abandoning module LocalizationDashboard (438)
[2018.02.22-23.41.33:593][888]LogModuleManager: Shutting down and abandoning module LocalizationService (437)
[2018.02.22-23.41.33:593][888]LogModuleManager: Shutting down and abandoning module HardwareTargeting (434)
[2018.02.22-23.41.33:593][888]LogModuleManager: Shutting down and abandoning module DeviceProfileEditor (432)
[2018.02.22-23.41.33:593][888]LogModuleManager: Shutting down and abandoning module UndoHistory (430)
[2018.02.22-23.41.33:594][888]LogModuleManager: Shutting down and abandoning module XmlParser (428)
[2018.02.22-23.41.33:594][888]LogModuleManager: Shutting down and abandoning module Blutility (426)
[2018.02.22-23.41.33:594][888]LogModuleManager: Shutting down and abandoning module ProjectSettingsViewer (424)
[2018.02.22-23.41.33:594][888]LogModuleManager: Shutting down and abandoning module ProjectTargetPlatformEditor (423)
[2018.02.22-23.41.33:594][888]LogModuleManager: Shutting down and abandoning module EditorSettingsViewer (420)
[2018.02.22-23.41.33:594][888]LogModuleManager: Shutting down and abandoning module SettingsEditor (418)
[2018.02.22-23.41.33:594][888]LogModuleManager: Shutting down and abandoning module ProjectLauncher (416)
[2018.02.22-23.41.33:594][888]LogModuleManager: Shutting down and abandoning module SessionFrontend (414)
[2018.02.22-23.41.33:594][888]LogModuleManager: Shutting down and abandoning module ProfilerClient (412)
[2018.02.22-23.41.33:594][888]LogModuleManager: Shutting down and abandoning module DeviceManager (410)
[2018.02.22-23.41.33:595][888]LogModuleManager: Shutting down and abandoning module TargetDeviceServices (409)
[2018.02.22-23.41.33:650][888]LogModuleManager: Shutting down and abandoning module AutomationController (406)
[2018.02.22-23.41.33:650][888]LogModuleManager: Shutting down and abandoning module AutomationWindow (404)
[2018.02.22-23.41.33:650][888]LogModuleManager: Shutting down and abandoning module Layers (402)
[2018.02.22-23.41.33:650][888]LogModuleManager: Shutting down and abandoning module ComponentVisualizers (400)
[2018.02.22-23.41.33:650][888]LogModuleManager: Shutting down and abandoning module DetailCustomizations (398)
[2018.02.22-23.41.33:650][888]LogModuleManager: Shutting down and abandoning module PackagesDialog (396)
[2018.02.22-23.41.33:650][888]LogModuleManager: Shutting down and abandoning module Persona (394)
[2018.02.22-23.41.33:652][888]LogModuleManager: Shutting down and abandoning module AdvancedPreviewScene (393)
[2018.02.22-23.41.33:652][888]LogModuleManager: Shutting down and abandoning module AnimGraph (391)
[2018.02.22-23.41.33:652][888]LogModuleManager: Shutting down and abandoning module Kismet (388)
[2018.02.22-23.41.33:660][888]LogModuleManager: Shutting down and abandoning module ClassViewer (386)
[2018.02.22-23.41.33:662][888]LogModuleManager: Shutting down and abandoning module Toolbox (384)
[2018.02.22-23.41.33:662][888]LogModuleManager: Shutting down and abandoning module ModuleUI (382)
[2018.02.22-23.41.33:662][888]LogModuleManager: Shutting down and abandoning module MovieSceneTools (380)
[2018.02.22-23.41.33:663][888]LogModuleManager: Shutting down and abandoning module OutputLog (378)
[2018.02.22-23.41.33:663][888]LogModuleManager: Shutting down and abandoning module GammaUI (376)
[2018.02.22-23.41.33:663][888]LogModuleManager: Shutting down and abandoning module Documentation (374)
[2018.02.22-23.41.33:663][888]LogModuleManager: Shutting down and abandoning module MovieSceneTracks (372)
[2018.02.22-23.41.33:663][888]LogModuleManager: Shutting down and abandoning module MovieScene (370)
[2018.02.22-23.41.33:663][888]LogModuleManager: Shutting down and abandoning module StreamingPauseRendering (368)
[2018.02.22-23.41.33:663][888]LogModuleManager: Shutting down and abandoning module LauncherPlatform (366)
[2018.02.22-23.41.33:663][888]LogModuleManager: Shutting down and abandoning module AnalyticsET (364)
[2018.02.22-23.41.33:663][888]LogModuleManager: Shutting down and abandoning module PortalServices (362)
[2018.02.22-23.41.33:663][888]LogModuleManager: Shutting down and abandoning module PortalRpc (360)
[2018.02.22-23.41.33:663][888]LogModuleManager: Shutting down and abandoning module MessagingRpc (358)
[2018.02.22-23.41.33:663][888]LogModuleManager: Shutting down and abandoning module AIModule (356)
[2018.02.22-23.41.33:663][888]LogModuleManager: Shutting down and abandoning module GameplayDebugger (355)
[2018.02.22-23.41.33:664][888]LogModuleManager: Shutting down and abandoning module AITestSuite (353)
[2018.02.22-23.41.33:664][888]LogModuleManager: Shutting down and abandoning module ProfilerService (350)
[2018.02.22-23.41.33:759][888]LogModuleManager: Shutting down and abandoning module TaskGraph (348)
[2018.02.22-23.41.33:759][888]LogModuleManager: Shutting down and abandoning module SteamVRController (346)
[2018.02.22-23.41.33:759][888]LogModuleManager: Shutting down and abandoning module ProceduralMeshComponentEditor (344)
[2018.02.22-23.41.33:759][888]LogModuleManager: Shutting down and abandoning module ProceduralMeshComponent (342)
[2018.02.22-23.41.33:759][888]LogModuleManager: Shutting down and abandoning module OculusInput (340)
[2018.02.22-23.41.33:759][888]LogModuleManager: Shutting down and abandoning module MobilePatchingUtils (338)
[2018.02.22-23.41.33:759][888]LogModuleManager: Shutting down and abandoning module CustomMeshComponent (336)
[2018.02.22-23.41.33:759][888]LogModuleManager: Shutting down and abandoning module CableComponent (334)
[2018.02.22-23.41.33:760][888]LogModuleManager: Shutting down and abandoning module ArchVisCharacter (332)
[2018.02.22-23.41.33:760][888]LogModuleManager: Shutting down and abandoning module AndroidPermission (330)
[2018.02.22-23.41.33:760][888]LogModuleManager: Shutting down and abandoning module ActorSequence (326)
[2018.02.22-23.41.33:760][888]LogModuleManager: Shutting down and abandoning module MediaPlayerEditor (324)
[2018.02.22-23.41.33:760][888]LogModuleManager: Shutting down and abandoning module MediaCompositingEditor (322)
[2018.02.22-23.41.33:760][888]LogModuleManager: Shutting down and abandoning module MediaCompositing (320)
[2018.02.22-23.41.33:760][888]LogModuleManager: Shutting down and abandoning module HTML5Networking (318)
[2018.02.22-23.41.33:760][888]LogModuleManager: Shutting down and abandoning module AlembicImporter (316)
[2018.02.22-23.41.33:760][888]LogModuleManager: Shutting down and abandoning module AlembicLibrary (315)
[2018.02.22-23.41.33:760][888]LogModuleManager: Shutting down and abandoning module GeometryCache (314)
[2018.02.22-23.41.33:760][888]LogModuleManager: Shutting down and abandoning module GeometryCacheEd (313)
[2018.02.22-23.41.33:760][888]LogModuleManager: Shutting down and abandoning module SpeedTreeImporter (308)
[2018.02.22-23.41.33:760][888]LogModuleManager: Shutting down and abandoning module PluginBrowser (306)
[2018.02.22-23.41.33:760][888]LogModuleManager: Shutting down and abandoning module MobileLauncherProfileWizard (304)
[2018.02.22-23.41.33:760][888]LogModuleManager: Shutting down and abandoning module VisualStudioSourceCodeAccess (302)
[2018.02.22-23.41.33:760][888]LogModuleManager: Shutting down and abandoning module VisualStudioCodeSourceCodeAccess (300)
[2018.02.22-23.41.33:760][888]LogModuleManager: Shutting down and abandoning module UObjectPlugin (298)
[2018.02.22-23.41.33:760][888]LogModuleManager: Shutting down and abandoning module SubversionSourceControl (296)
[2018.02.22-23.41.33:760][888]LogModuleManager: Shutting down and abandoning module PerforceSourceControl (294)
[2018.02.22-23.41.33:760][888]LogModuleManager: Shutting down and abandoning module GitSourceControl (292)
[2018.02.22-23.41.33:760][888]LogModuleManager: Shutting down and abandoning module SourceControl (291)
[2018.02.22-23.41.33:760][888]LogModuleManager: Shutting down and abandoning module LightPropagationVolumeEditor (288)
[2018.02.22-23.41.33:760][888]LogModuleManager: Shutting down and abandoning module PaperTiledImporter (286)
[2018.02.22-23.41.33:760][888]LogModuleManager: Shutting down and abandoning module PaperSpriteSheetImporter (284)
[2018.02.22-23.41.33:760][888]LogModuleManager: Shutting down and abandoning module Paper2DEditor (282)
[2018.02.22-23.41.33:761][888]LogModuleManager: Shutting down and abandoning module MeshPaint (281)
[2018.02.22-23.41.33:761][888]LogModuleManager: Shutting down and abandoning module LevelEditor (279)
[2018.02.22-23.41.33:762][888]LogModuleManager: Shutting down and abandoning module PixelInspectorModule (278)
[2018.02.22-23.41.33:762][888]LogModuleManager: Shutting down and abandoning module MainFrame (276)
[2018.02.22-23.41.33:762][888]LogModuleManager: Shutting down and abandoning module HotReload (275)
[2018.02.22-23.41.33:762][888]LogDirectoryWatcher: A directory notification for 'D:/Unreal Projects/myproject/Binaries/Win64' was aborted.
[2018.02.22-23.41.33:763][888]LogModuleManager: Shutting down and abandoning module RuntimePhysXCooking (268)
[2018.02.22-23.41.33:763][888]LogModuleManager: Shutting down and abandoning module PhysXVehiclesEditor (266)
[2018.02.22-23.41.33:763][888]LogModuleManager: Shutting down and abandoning module PhysXVehicles (264)
[2018.02.22-23.41.33:763][888]LogModuleManager: Shutting down and abandoning module OculusEditor (262)
[2018.02.22-23.41.33:763][888]LogModuleManager: Shutting down and abandoning module LocationServicesBPLibrary (260)
[2018.02.22-23.41.33:763][888]LogModuleManager: Shutting down and abandoning module ImmediatePhysicsEditor (258)
[2018.02.22-23.41.33:763][888]LogModuleManager: Shutting down and abandoning module ImmediatePhysics (256)
[2018.02.22-23.41.33:763][888]LogModuleManager: Shutting down and abandoning module UdpMessaging (254)
[2018.02.22-23.41.33:864][888]LogModuleManager: Shutting down and abandoning module TcpMessaging (252)
[2018.02.22-23.41.34:047][888]LogModuleManager: Shutting down and abandoning module GameplayTagsEditor (250)
[2018.02.22-23.41.34:047][888]LogModuleManager: Shutting down and abandoning module FacialAnimationEditor (248)
[2018.02.22-23.41.34:047][888]LogModuleManager: Shutting down and abandoning module FacialAnimation (246)
[2018.02.22-23.41.34:047][888]LogModuleManager: Shutting down and abandoning module AssetManagerEditor (244)
[2018.02.22-23.41.34:048][888]LogModuleManager: Shutting down and abandoning module GraphEditor (243)
[2018.02.22-23.41.34:048][888]LogModuleManager: Shutting down and abandoning module ContentBrowser (241)
[2018.02.22-23.41.34:049][888]LogModuleManager: Shutting down and abandoning module LightPropagationVolumeRuntime (238)
[2018.02.22-23.41.34:049][888]LogModuleManager: Shutting down and abandoning module Paper2D (236)
[2018.02.22-23.41.34:049][888]LogModuleManager: Shutting down and abandoning module WindowsMoviePlayer (234)
[2018.02.22-23.41.34:049][888]LogModuleManager: Shutting down and abandoning module WmfMedia (232)
[2018.02.22-23.41.34:051][888]LogModuleManager: Shutting down and abandoning module ImgMedia (230)
[2018.02.22-23.41.34:051][888]LogModuleManager: Shutting down and abandoning module PacketHandler (228)
[2018.02.22-23.41.34:051][888]LogModuleManager: Shutting down and abandoning module ClothingSystemEditor (226)
[2018.02.22-23.41.34:051][888]LogModuleManager: Shutting down and abandoning module ClothingSystemRuntime (224)
[2018.02.22-23.41.34:051][888]LogModuleManager: Shutting down and abandoning module MediaAssets (222)
[2018.02.22-23.41.34:051][888]LogModuleManager: Shutting down and abandoning module Media (221)
[2018.02.22-23.41.34:057][888]LogModuleManager: Shutting down and abandoning module Overlay (218)
[2018.02.22-23.41.34:057][888]LogModuleManager: Shutting down and abandoning module OverlayEditor (217)
[2018.02.22-23.41.34:057][888]LogModuleManager: Shutting down and abandoning module VREditor (214)
[2018.02.22-23.41.34:057][888]LogModuleManager: Shutting down and abandoning module StringTableEditor (212)
[2018.02.22-23.41.34:057][888]LogModuleManager: Shutting down and abandoning module GameplayTasksEditor (210)
[2018.02.22-23.41.34:057][888]LogModuleManager: Shutting down and abandoning module BehaviorTreeEditor (208)
[2018.02.22-23.41.34:057][888]LogModuleManager: Shutting down and abandoning module FunctionalTesting (206)
[2018.02.22-23.41.34:057][888]LogModuleManager: Shutting down and abandoning module CollisionAnalyzer (204)
[2018.02.22-23.41.34:057][888]LogModuleManager: Shutting down and abandoning module WorkspaceMenuStructure (203)
[2018.02.22-23.41.34:057][888]LogModuleManager: Shutting down and abandoning module UMG (200)
[2018.02.22-23.41.34:057][888]LogModuleManager: Shutting down and abandoning module UMGEditor (199)
[2018.02.22-23.41.34:058][888]LogModuleManager: Shutting down and abandoning module Sequencer (198)
[2018.02.22-23.41.34:058][888]LogModuleManager: Shutting down and abandoning module MessageLog (195)
[2018.02.22-23.41.34:058][888]LogModuleManager: Shutting down and abandoning module SlateReflector (190)
[2018.02.22-23.41.34:058][888]LogModuleManager: Shutting down and abandoning module Slate (188)
[2018.02.22-23.41.34:058][888]LogModuleManager: Shutting down and abandoning module EditorStyle (186)
[2018.02.22-23.41.34:061][888]LogModuleManager: Shutting down and abandoning module MRMesh (184)
[2018.02.22-23.41.34:061][888]LogModuleManager: Shutting down and abandoning module SourceCodeAccess (182)
[2018.02.22-23.41.34:061][888]LogModuleManager: Shutting down and abandoning module HeadMountedDisplay (180)
[2018.02.22-23.41.34:061][888]LogModuleManager: Shutting down and abandoning module XAudio2 (178)
[2018.02.22-23.41.34:062][888]LogModuleManager: Shutting down and abandoning module Networking (176)
[2018.02.22-23.41.34:062][888]LogModuleManager: Shutting down and abandoning module Core (172)
[2018.02.22-23.41.34:062][888]LogModuleManager: Shutting down and abandoning module LevelSequence (168)
[2018.02.22-23.41.34:062][888]LogModuleManager: Shutting down and abandoning module DirectoryWatcher (166)
[2018.02.22-23.41.34:063][888]LogModuleManager: Shutting down and abandoning module KismetCompiler (164)
[2018.02.22-23.41.34:063][888]LogModuleManager: Shutting down and abandoning module MeshUtilities (162)
[2018.02.22-23.41.34:063][888]LogModuleManager: Shutting down and abandoning module MeshMergeUtilities (161)
[2018.02.22-23.41.34:063][888]LogModuleManager: Shutting down and abandoning module MeshReductionInterface (160)
[2018.02.22-23.41.34:063][888]LogModuleManager: Shutting down and abandoning module SimplygonSwarm (159)
[2018.02.22-23.41.34:064][888]LogModuleManager: Shutting down and abandoning module SimplygonMeshReduction (157)
[2018.02.22-23.41.34:064][888]LogModuleManager: Shutting down and abandoning module QuadricMeshReduction (155)
[2018.02.22-23.41.34:064][888]LogModuleManager: Shutting down and abandoning module MaterialBaking (151)
[2018.02.22-23.41.34:064][888]LogModuleManager: Shutting down and abandoning module DerivedDataCache (148)
[2018.02.22-23.41.34:085][888]LogDerivedDataCache: Shutdown
[2018.02.22-23.41.34:085][888]LogModuleManager: Shutting down and abandoning module TargetPlatform (146)
[2018.02.22-23.41.34:085][888]LogModuleManager: Shutting down and abandoning module VulkanShaderFormat (145)
[2018.02.22-23.41.34:085][888]LogModuleManager: Shutting down and abandoning module ShaderFormatVectorVM (143)
[2018.02.22-23.41.34:085][888]LogModuleManager: Shutting down and abandoning module ShaderFormatOpenGL (141)
[2018.02.22-23.41.34:085][888]LogModuleManager: Shutting down and abandoning module ShaderFormatD3D (139)
[2018.02.22-23.41.34:085][888]LogModuleManager: Shutting down and abandoning module MetalShaderFormat (137)
[2018.02.22-23.41.34:085][888]LogModuleManager: Shutting down and abandoning module TextureFormatUncompressed (135)
[2018.02.22-23.41.34:085][888]LogModuleManager: Shutting down and abandoning module TextureFormatPVR (133)
[2018.02.22-23.41.34:085][888]LogModuleManager: Shutting down and abandoning module TextureFormatDXT (131)
[2018.02.22-23.41.34:085][888]LogModuleManager: Shutting down and abandoning module TextureFormatIntelISPCTexComp (129)
[2018.02.22-23.41.34:085][888]LogModuleManager: Shutting down and abandoning module TextureFormatASTC (127)
[2018.02.22-23.41.34:085][888]LogModuleManager: Shutting down and abandoning module ImageWrapper (126)
[2018.02.22-23.41.34:085][888]LogModuleManager: Shutting down and abandoning module TextureFormatAndroid (123)
[2018.02.22-23.41.34:085][888]LogModuleManager: Shutting down and abandoning module AudioFormatOpus (121)
[2018.02.22-23.41.34:085][888]LogModuleManager: Shutting down and abandoning module AudioFormatOgg (119)
[2018.02.22-23.41.34:085][888]LogModuleManager: Shutting down and abandoning module AudioFormatADPCM (117)
[2018.02.22-23.41.34:085][888]LogModuleManager: Shutting down and abandoning module LinuxTargetPlatform (115)
[2018.02.22-23.41.34:085][888]LogModuleManager: Shutting down and abandoning module LinuxServerTargetPlatform (113)
[2018.02.22-23.41.34:085][888]LogModuleManager: Shutting down and abandoning module LinuxNoEditorTargetPlatform (111)
[2018.02.22-23.41.34:086][888]LogModuleManager: Shutting down and abandoning module LinuxClientTargetPlatform (109)
[2018.02.22-23.41.34:086][888]LogModuleManager: Shutting down and abandoning module TVOSTargetPlatform (107)
[2018.02.22-23.41.34:086][888]LogModuleManager: Shutting down and abandoning module Messaging (105)
[2018.02.22-23.41.34:086][888]LogModuleManager: Shutting down and abandoning module IOSTargetPlatform (103)
[2018.02.22-23.41.34:086][888]LogModuleManager: Shutting down and abandoning module HTML5TargetPlatform (101)
[2018.02.22-23.41.34:086][888]LogModuleManager: Shutting down and abandoning module AndroidTargetPlatform (99)
[2018.02.22-23.41.34:086][888]LogModuleManager: Shutting down and abandoning module Android_PVRTCTargetPlatform (97)
[2018.02.22-23.41.34:086][888]LogModuleManager: Shutting down and abandoning module Android_MultiTargetPlatform (95)
[2018.02.22-23.41.34:086][888]LogModuleManager: Shutting down and abandoning module Android_ETC2TargetPlatform (93)
[2018.02.22-23.41.34:086][888]LogModuleManager: Shutting down and abandoning module Android_ETC1TargetPlatform (91)
[2018.02.22-23.41.34:086][888]LogModuleManager: Shutting down and abandoning module Android_DXTTargetPlatform (89)
[2018.02.22-23.41.34:086][888]LogModuleManager: Shutting down and abandoning module Android_ATCTargetPlatform (87)
[2018.02.22-23.41.34:086][888]LogModuleManager: Shutting down and abandoning module Android_ASTCTargetPlatform (85)
[2018.02.22-23.41.34:086][888]LogModuleManager: Shutting down and abandoning module WindowsTargetPlatform (83)
[2018.02.22-23.41.34:086][888]LogModuleManager: Shutting down and abandoning module WindowsServerTargetPlatform (81)
[2018.02.22-23.41.34:086][888]LogModuleManager: Shutting down and abandoning module WindowsNoEditorTargetPlatform (79)
[2018.02.22-23.41.34:086][888]LogModuleManager: Shutting down and abandoning module WindowsClientTargetPlatform (77)
[2018.02.22-23.41.34:086][888]LogModuleManager: Shutting down and abandoning module MacTargetPlatform (75)
[2018.02.22-23.41.34:086][888]LogModuleManager: Shutting down and abandoning module MacServerTargetPlatform (73)
[2018.02.22-23.41.34:086][888]LogModuleManager: Shutting down and abandoning module MacNoEditorTargetPlatform (71)
[2018.02.22-23.41.34:086][888]LogModuleManager: Shutting down and abandoning module MacClientTargetPlatform (69)
[2018.02.22-23.41.34:086][888]LogModuleManager: Shutting down and abandoning module AllDesktopTargetPlatform (67)
[2018.02.22-23.41.34:086][888]LogModuleManager: Shutting down and abandoning module InputCore (64)
[2018.02.22-23.41.34:086][888]LogModuleManager: Shutting down and abandoning module Settings (62)
[2018.02.22-23.41.34:086][888]LogModuleManager: Shutting down and abandoning module PhysXCooking (60)
[2018.02.22-23.41.34:086][888]LogModuleManager: Shutting down and abandoning module SteamVR (58)
[2018.02.22-23.41.34:086][888]LogModuleManager: Shutting down and abandoning module OculusHMD (56)
[2018.02.22-23.41.34:086][888]LogModuleManager: Shutting down and abandoning module ExampleDeviceProfileSelector (54)
[2018.02.22-23.41.34:086][888]LogModuleManager: Shutting down and abandoning module AppleARKit (52)
[2018.02.22-23.41.34:086][888]LogModuleManager: Shutting down and abandoning module AugmentedReality (51)
[2018.02.22-23.41.34:086][888]LogModuleManager: Shutting down and abandoning module OnlineBlueprintSupport (48)
[2018.02.22-23.41.34:086][888]LogModuleManager: Shutting down and abandoning module OnlineSubsystem (44)
[2018.02.22-23.41.34:086][888]LogModuleManager: Shutting down and abandoning module XMPP (43)
[2018.02.22-23.41.34:086][888]LogModuleManager: Shutting down and abandoning module HTTP (41)
[2018.02.22-23.41.34:086][888]LogHttp: Display: Http module shutting down, but needs to wait on 1 outstanding Http requests:
[2018.02.22-23.41.34:086][888]LogHttp: Display: 	verb=[POST] url=[https://datarouter.ol.epicgames.com/datarouter/api/v1/public/data?SessionID=%7B92841EA8-453E-772F-A4AC-B9BE03E76EB1%7D&AppID=UEEditor.Rocket.Release&AppVersion=4.18.3-3832480%2B%2B%2BUE4%2BRelease-4.18&UserID=f8a93f4b4816c0f14e3c6290803b3d66%7C43f034f64f7141af842eb9583181705b%7C71bd2ae3-12a7-4899-bbc5-2808ff9e05ff&AppEnvironment=datacollector-binary&UploadType=eteventstream] status=Processing
[2018.02.22-23.41.34:103][888]LogModuleManager: Shutting down and abandoning module SSL (40)
[2018.02.22-23.41.34:104][888]LogModuleManager: Shutting down and abandoning module AnimationModifiers (36)
[2018.02.22-23.41.34:104][888]LogModuleManager: Shutting down and abandoning module PropertyEditor (35)
[2018.02.22-23.41.34:104][888]LogModuleManager: Shutting down and abandoning module AudioEditor (32)
[2018.02.22-23.41.34:104][888]LogModuleManager: Shutting down and abandoning module TextureCompressor (30)
[2018.02.22-23.41.34:109][888]LogModuleManager: Shutting down and abandoning module ShaderCore (28)
[2018.02.22-23.41.34:109][888]LogModuleManager: Shutting down and abandoning module Landscape (26)
[2018.02.22-23.41.34:109][888]LogModuleManager: Shutting down and abandoning module SlateRHIRenderer (24)
[2018.02.22-23.41.34:110][888]LogModuleManager: Shutting down and abandoning module OpenGLDrv (22)
[2018.02.22-23.41.34:110][888]LogModuleManager: Shutting down and abandoning module D3D11RHI (20)
[2018.02.22-23.41.34:110][888]LogModuleManager: Shutting down and abandoning module AnimGraphRuntime (18)
[2018.02.22-23.41.34:110][888]LogModuleManager: Shutting down and abandoning module Renderer (16)
[2018.02.22-23.41.34:110][888]LogModuleManager: Shutting down and abandoning module Engine (14)
[2018.02.22-23.41.34:110][888]LogModuleManager: Shutting down and abandoning module CoreUObject (12)
[2018.02.22-23.41.34:110][888]LogModuleManager: Shutting down and abandoning module NetworkFile (10)
[2018.02.22-23.41.34:110][888]LogModuleManager: Shutting down and abandoning module CookedIterativeFile (8)
[2018.02.22-23.41.34:110][888]LogModuleManager: Shutting down and abandoning module StreamingFile (6)
[2018.02.22-23.41.34:110][888]LogModuleManager: Shutting down and abandoning module SandboxFile (4)
[2018.02.22-23.41.34:110][888]LogModuleManager: Shutting down and abandoning module PakFile (2)
[2018.02.22-23.41.34:112][888]LogExit: Exiting.
[2018.02.22-23.41.34:120][888]Log file closed, 02/23/18 01:41:34
