Log file open, 02/23/18 01:21:01
LogWindows: Failed to load 'aqProf.dll' (GetLastError=126)
LogWindows: File 'aqProf.dll' does not exist
LogWindows: Failed to load 'VSPerf140.dll' (GetLastError=126)
LogWindows: File 'VSPerf140.dll' does not exist
LogWindows: Failed to load 'VtuneApi.dll' (GetLastError=126)
LogWindows: File 'VtuneApi.dll' does not exist
LogWindows: Failed to load 'VtuneApi32e.dll' (GetLastError=126)
LogWindows: File 'VtuneApi32e.dll' does not exist
LogInit: Display: Running engine for game: Strategy
LogPlatformFile: Not using cached read wrapper
LogInit: Display: RandInit(-1145308339) SRandInit(-1145308339).
LogInit: Read version file with build ID '3709383'
LogInit: Overriding engine version to CL 3832480, compatible CL 3709383
LogInit: Registered custom module enumerator with build ID '3709383'
LogTaskGraph: Started task graph with 5 named threads and 14 total threads with 3 sets of task threads.
LogStats: Stats thread started at 0.167042
LogD3D11RHI: Aftermath initialized
LogPluginManager: Mounting plugin Paper2D
LogPluginManager: Mounting plugin LightPropagationVolume
LogPluginManager: Mounting plugin CodeLiteSourceCodeAccess
LogPluginManager: Mounting plugin GitSourceControl
LogPluginManager: Mounting plugin KDevelopSourceCodeAccess
LogPluginManager: Mounting plugin NullSourceCodeAccess
LogPluginManager: Mounting plugin PerforceSourceControl
LogPluginManager: Mounting plugin SubversionSourceControl
LogPluginManager: Mounting plugin UObjectPlugin
LogPluginManager: Mounting plugin VisualStudioCodeSourceCodeAccess
LogPluginManager: Mounting plugin VisualStudioSourceCodeAccess
LogPluginManager: Mounting plugin XCodeSourceCodeAccess
LogPluginManager: Mounting plugin AssetManagerEditor
LogPluginManager: Mounting plugin AudioCapture
LogPluginManager: Mounting plugin FacialAnimation
LogPluginManager: Mounting plugin GameplayTagsEditor
LogPluginManager: Mounting plugin MobileLauncherProfileWizard
LogPluginManager: Mounting plugin PluginBrowser
LogPluginManager: Mounting plugin SpeedTreeImporter
LogPluginManager: Mounting plugin AlembicImporter
LogPluginManager: Mounting plugin CharacterAI
LogPluginManager: Mounting plugin HTML5Networking
LogPluginManager: Mounting plugin AndroidMedia
LogPluginManager: Mounting plugin AvfMedia
LogPluginManager: Mounting plugin ImgMedia
LogPluginManager: Mounting plugin MediaCompositing
LogPluginManager: Mounting plugin MediaPlayerEditor
LogPluginManager: Mounting plugin WmfMedia
LogPluginManager: Mounting plugin TcpMessaging
LogPluginManager: Mounting plugin UdpMessaging
LogPluginManager: Mounting plugin ActorSequence
LogPluginManager: Mounting plugin LevelSequenceEditor
LogPluginManager: Mounting plugin MatineeToLevelSequence
LogPluginManager: Mounting plugin OnlineSubsystemGooglePlay
LogPluginManager: Mounting plugin OnlineSubsystemIOS
LogPluginManager: Mounting plugin OnlineSubsystem
LogPluginManager: Mounting plugin OnlineSubsystemNull
LogPluginManager: Mounting plugin OnlineSubsystemUtils
LogPluginManager: Mounting plugin AndroidDeviceProfileSelector
LogPluginManager: Mounting plugin AndroidMoviePlayer
LogPluginManager: Mounting plugin AndroidPermission
LogPluginManager: Mounting plugin AppleARKit
LogPluginManager: Mounting plugin AppleMoviePlayer
LogPluginManager: Mounting plugin ArchVisCharacter
LogPluginManager: Mounting plugin CableComponent
LogPluginManager: Mounting plugin CustomMeshComponent
LogPluginManager: Mounting plugin ExampleDeviceProfileSelector
LogPluginManager: Mounting plugin GoogleCloudMessaging
LogPluginManager: Mounting plugin ImmediatePhysics
LogPluginManager: Mounting plugin IOSDeviceProfileSelector
LogPluginManager: Mounting plugin LinuxDeviceProfileSelector
LogPluginManager: Mounting plugin LocationServicesBPLibrary
LogPluginManager: Mounting plugin MobilePatchingUtils
LogPluginManager: Mounting plugin OculusVR
LogPluginManager: Plugin shader directory ../../../Engine/Plugins/Runtime/Oculus/OculusVR/Shaders found
LogPluginManager: Mapping shader source directory ../../../Engine/Plugins/Runtime/Oculus/OculusVR/Shaders to virtual directory /Plugin/OculusVR
LogPluginManager: Mounting plugin PhysXVehicles
LogPluginManager: Mounting plugin ProceduralMeshComponent
LogPluginManager: Mounting plugin RuntimePhysXCooking
LogPluginManager: Mounting plugin SteamVR
LogPluginManager: Mounting plugin WindowsMoviePlayer
LogModuleManager: Display: Found up-to-date module file D:/Unreal Projects/myproject/Binaries/Win64/UE4Editor-Strategy-2714.dll (API version 3709383).
LogModuleManager: Display: Found up-to-date module file ../../../Engine/Plugins/2D/Paper2D/Binaries/Win64/UE4Editor-Paper2D.dll (API version 3709383).
LogModuleManager: Display: Found up-to-date module file ../../../Engine/Plugins/2D/Paper2D/Binaries/Win64/UE4Editor-Paper2DEditor.dll (API version 3709383).
LogModuleManager: Display: Found up-to-date module file ../../../Engine/Plugins/2D/Paper2D/Binaries/Win64/UE4Editor-PaperSpriteSheetImporter.dll (API version 3709383).
LogModuleManager: Display: Found up-to-date module file ../../../Engine/Plugins/2D/Paper2D/Binaries/Win64/UE4Editor-PaperTiledImporter.dll (API version 3709383).
LogModuleManager: Display: Found up-to-date module file ../../../Engine/Plugins/2D/Paper2D/Binaries/Win64/UE4Editor-SmartSnapping.dll (API version 3709383).
LogModuleManager: Display: Found up-to-date module file ../../../Engine/Plugins/Blendables/LightPropagationVolume/Binaries/Win64/UE4Editor-LightPropagationVolumeRuntime.dll (API version 3709383).
LogModuleManager: Display: Found up-to-date module file ../../../Engine/Plugins/Blendables/LightPropagationVolume/Binaries/Win64/UE4Editor-LightPropagationVolumeEditor.dll (API version 3709383).
LogModuleManager: Display: Found up-to-date module file ../../../Engine/Plugins/Developer/GitSourceControl/Binaries/Win64/UE4Editor-GitSourceControl.dll (API version 3709383).
LogModuleManager: Display: Found up-to-date module file ../../../Engine/Plugins/Developer/PerforceSourceControl/Binaries/Win64/UE4Editor-PerforceSourceControl.dll (API version 3709383).
LogModuleManager: Display: Found up-to-date module file ../../../Engine/Plugins/Developer/SubversionSourceControl/Binaries/Win64/UE4Editor-SubversionSourceControl.dll (API version 3709383).
LogModuleManager: Display: Found up-to-date module file ../../../Engine/Plugins/Developer/UObjectPlugin/Binaries/Win64/UE4Editor-UObjectPlugin.dll (API version 3709383).
LogModuleManager: Display: Found up-to-date module file ../../../Engine/Plugins/Developer/VisualStudioCodeSourceCodeAccess/Binaries/Win64/UE4Editor-VisualStudioCodeSourceCodeAccess.dll (API version 3709383).
LogModuleManager: Display: Found up-to-date module file ../../../Engine/Plugins/Developer/VisualStudioSourceCodeAccess/Binaries/Win64/UE4Editor-VisualStudioSourceCodeAccess.dll (API version 3709383).
LogModuleManager: Display: Found up-to-date module file ../../../Engine/Plugins/Editor/AssetManagerEditor/Binaries/Win64/UE4Editor-AssetManagerEditor.dll (API version 3709383).
LogModuleManager: Display: Found up-to-date module file ../../../Engine/Plugins/Editor/AudioCapture/Binaries/Win64/UE4Editor-AudioCapture.dll (API version 3709383).
LogModuleManager: Display: Found up-to-date module file ../../../Engine/Plugins/Editor/FacialAnimation/Binaries/Win64/UE4Editor-FacialAnimation.dll (API version 3709383).
LogModuleManager: Display: Found up-to-date module file ../../../Engine/Plugins/Editor/FacialAnimation/Binaries/Win64/UE4Editor-FacialAnimationEditor.dll (API version 3709383).
LogModuleManager: Display: Found up-to-date module file ../../../Engine/Plugins/Editor/GameplayTagsEditor/Binaries/Win64/UE4Editor-GameplayTagsEditor.dll (API version 3709383).
LogModuleManager: Display: Found up-to-date module file ../../../Engine/Plugins/Editor/MobileLauncherProfileWizard/Binaries/Win64/UE4Editor-MobileLauncherProfileWizard.dll (API version 3709383).
LogModuleManager: Display: Found up-to-date module file ../../../Engine/Plugins/Editor/PluginBrowser/Binaries/Win64/UE4Editor-PluginBrowser.dll (API version 3709383).
LogModuleManager: Display: Found up-to-date module file ../../../Engine/Plugins/Editor/SpeedTreeImporter/Binaries/Win64/UE4Editor-SpeedTreeImporter.dll (API version 3709383).
LogModuleManager: Display: Found up-to-date module file ../../../Engine/Plugins/Experimental/AlembicImporter/Binaries/Win64/UE4Editor-AlembicImporter.dll (API version 3709383).
LogModuleManager: Display: Found up-to-date module file ../../../Engine/Plugins/Experimental/AlembicImporter/Binaries/Win64/UE4Editor-AlembicLibrary.dll (API version 3709383).
LogModuleManager: Display: Found up-to-date module file ../../../Engine/Plugins/Experimental/CharacterAI/Binaries/Win64/UE4Editor-CharacterAI.dll (API version 3709383).
LogModuleManager: Display: Found up-to-date module file ../../../Engine/Plugins/Experimental/HTML5Networking/Binaries/Win64/UE4Editor-HTML5Networking.dll (API version 3709383).
LogModuleManager: Display: Found up-to-date module file ../../../Engine/Plugins/Media/AndroidMedia/Binaries/Win64/UE4Editor-AndroidMediaEditor.dll (API version 3709383).
LogModuleManager: Display: Found up-to-date module file ../../../Engine/Plugins/Media/AndroidMedia/Binaries/Win64/UE4Editor-AndroidMediaFactory.dll (API version 3709383).
LogModuleManager: Display: Found up-to-date module file ../../../Engine/Plugins/Media/AvfMedia/Binaries/Win64/UE4Editor-AvfMediaEditor.dll (API version 3709383).
LogModuleManager: Display: Found up-to-date module file ../../../Engine/Plugins/Media/AvfMedia/Binaries/Win64/UE4Editor-AvfMediaFactory.dll (API version 3709383).
LogModuleManager: Display: Found up-to-date module file ../../../Engine/Plugins/Media/AvfMedia/Binaries/Win64/UE4Editor-AvfMediaFactory.dll (API version 3709383).
LogModuleManager: Display: Found up-to-date module file ../../../Engine/Plugins/Media/ImgMedia/Binaries/Win64/UE4Editor-ImgMedia.dll (API version 3709383).
LogModuleManager: Display: Found up-to-date module file ../../../Engine/Plugins/Media/ImgMedia/Binaries/Win64/UE4Editor-ImgMediaEditor.dll (API version 3709383).
LogModuleManager: Display: Found up-to-date module file ../../../Engine/Plugins/Media/ImgMedia/Binaries/Win64/UE4Editor-ImgMediaFactory.dll (API version 3709383).
LogModuleManager: Display: Found up-to-date module file ../../../Engine/Plugins/Media/ImgMedia/Binaries/Win64/UE4Editor-ImgMediaFactory.dll (API version 3709383).
LogModuleManager: Display: Found up-to-date module file ../../../Engine/Plugins/Media/ImgMedia/Binaries/Win64/UE4Editor-OpenExrWrapper.dll (API version 3709383).
LogModuleManager: Display: Found up-to-date module file ../../../Engine/Plugins/Media/MediaCompositing/Binaries/Win64/UE4Editor-MediaCompositing.dll (API version 3709383).
LogModuleManager: Display: Found up-to-date module file ../../../Engine/Plugins/Media/MediaCompositing/Binaries/Win64/UE4Editor-MediaCompositingEditor.dll (API version 3709383).
LogModuleManager: Display: Found up-to-date module file ../../../Engine/Plugins/Media/MediaPlayerEditor/Binaries/Win64/UE4Editor-MediaPlayerEditor.dll (API version 3709383).
LogModuleManager: Display: Found up-to-date module file ../../../Engine/Plugins/Media/WmfMedia/Binaries/Win64/UE4Editor-WmfMedia.dll (API version 3709383).
LogModuleManager: Display: Found up-to-date module file ../../../Engine/Plugins/Media/WmfMedia/Binaries/Win64/UE4Editor-WmfMediaEditor.dll (API version 3709383).
LogModuleManager: Display: Found up-to-date module file ../../../Engine/Plugins/Media/WmfMedia/Binaries/Win64/UE4Editor-WmfMediaFactory.dll (API version 3709383).
LogModuleManager: Display: Found up-to-date module file ../../../Engine/Plugins/Media/WmfMedia/Binaries/Win64/UE4Editor-WmfMediaFactory.dll (API version 3709383).
LogModuleManager: Display: Found up-to-date module file ../../../Engine/Plugins/Messaging/TcpMessaging/Binaries/Win64/UE4Editor-TcpMessaging.dll (API version 3709383).
LogModuleManager: Display: Found up-to-date module file ../../../Engine/Plugins/Messaging/UdpMessaging/Binaries/Win64/UE4Editor-UdpMessaging.dll (API version 3709383).
LogModuleManager: Display: Found up-to-date module file ../../../Engine/Plugins/MovieScene/ActorSequence/Binaries/Win64/UE4Editor-ActorSequence.dll (API version 3709383).
LogModuleManager: Display: Found up-to-date module file ../../../Engine/Plugins/MovieScene/LevelSequenceEditor/Binaries/Win64/UE4Editor-LevelSequenceEditor.dll (API version 3709383).
LogModuleManager: Display: Found up-to-date module file ../../../Engine/Plugins/MovieScene/MatineeToLevelSequence/Binaries/Win64/UE4Editor-MatineeToLevelSequence.dll (API version 3709383).
LogModuleManager: Display: Found up-to-date module file ../../../Engine/Plugins/Online/OnlineSubsystem/Binaries/Win64/UE4Editor-OnlineSubsystem.dll (API version 3709383).
LogModuleManager: Display: Found up-to-date module file ../../../Engine/Plugins/Online/OnlineSubsystemNull/Binaries/Win64/UE4Editor-OnlineSubsystemNull.dll (API version 3709383).
LogModuleManager: Display: Found up-to-date module file ../../../Engine/Plugins/Online/OnlineSubsystemUtils/Binaries/Win64/UE4Editor-OnlineSubsystemUtils.dll (API version 3709383).
LogModuleManager: Display: Found up-to-date module file ../../../Engine/Plugins/Online/OnlineSubsystemUtils/Binaries/Win64/UE4Editor-OnlineBlueprintSupport.dll (API version 3709383).
LogModuleManager: Display: Found up-to-date module file ../../../Engine/Plugins/Runtime/AndroidDeviceProfileSelector/Binaries/Win64/UE4Editor-AndroidDeviceProfileSelector.dll (API version 3709383).
LogModuleManager: Display: Found up-to-date module file ../../../Engine/Plugins/Runtime/AndroidPermission/Binaries/Win64/UE4Editor-AndroidPermission.dll (API version 3709383).
LogModuleManager: Display: Found up-to-date module file ../../../Engine/Plugins/Runtime/AppleARKit/Binaries/Win64/UE4Editor-AppleARKit.dll (API version 3709383).
LogModuleManager: Display: Found up-to-date module file ../../../Engine/Plugins/Runtime/ArchVisCharacter/Binaries/Win64/UE4Editor-ArchVisCharacter.dll (API version 3709383).
LogModuleManager: Display: Found up-to-date module file ../../../Engine/Plugins/Runtime/CableComponent/Binaries/Win64/UE4Editor-CableComponent.dll (API version 3709383).
LogModuleManager: Display: Found up-to-date module file ../../../Engine/Plugins/Runtime/CustomMeshComponent/Binaries/Win64/UE4Editor-CustomMeshComponent.dll (API version 3709383).
LogModuleManager: Display: Found up-to-date module file ../../../Engine/Plugins/Runtime/ExampleDeviceProfileSelector/Binaries/Win64/UE4Editor-ExampleDeviceProfileSelector.dll (API version 3709383).
LogModuleManager: Display: Found up-to-date module file ../../../Engine/Plugins/Runtime/ImmediatePhysics/Binaries/Win64/UE4Editor-ImmediatePhysics.dll (API version 3709383).
LogModuleManager: Display: Found up-to-date module file ../../../Engine/Plugins/Runtime/ImmediatePhysics/Binaries/Win64/UE4Editor-ImmediatePhysicsEditor.dll (API version 3709383).
LogModuleManager: Display: Found up-to-date module file ../../../Engine/Plugins/Runtime/LocationServicesBPLibrary/Binaries/Win64/UE4Editor-LocationServicesBPLibrary.dll (API version 3709383).
LogModuleManager: Display: Found up-to-date module file ../../../Engine/Plugins/Runtime/MobilePatchingUtils/Binaries/Win64/UE4Editor-MobilePatchingUtils.dll (API version 3709383).
LogModuleManager: Display: Found up-to-date module file ../../../Engine/Plugins/Runtime/Oculus/OculusVR/Binaries/Win64/UE4Editor-OculusHMD.dll (API version 3709383).
LogModuleManager: Display: Found up-to-date module file ../../../Engine/Plugins/Runtime/Oculus/OculusVR/Binaries/Win64/UE4Editor-OculusInput.dll (API version 3709383).
LogModuleManager: Display: Found up-to-date module file ../../../Engine/Plugins/Runtime/Oculus/OculusVR/Binaries/Win64/UE4Editor-OculusEditor.dll (API version 3709383).
LogModuleManager: Display: Found up-to-date module file ../../../Engine/Plugins/Runtime/PhysXVehicles/Binaries/Win64/UE4Editor-PhysXVehicles.dll (API version 3709383).
LogModuleManager: Display: Found up-to-date module file ../../../Engine/Plugins/Runtime/PhysXVehicles/Binaries/Win64/UE4Editor-PhysXVehiclesEditor.dll (API version 3709383).
LogModuleManager: Display: Found up-to-date module file ../../../Engine/Plugins/Runtime/ProceduralMeshComponent/Binaries/Win64/UE4Editor-ProceduralMeshComponent.dll (API version 3709383).
LogModuleManager: Display: Found up-to-date module file ../../../Engine/Plugins/Runtime/ProceduralMeshComponent/Binaries/Win64/UE4Editor-ProceduralMeshComponentEditor.dll (API version 3709383).
LogModuleManager: Display: Found up-to-date module file ../../../Engine/Plugins/Runtime/RuntimePhysXCooking/Binaries/Win64/UE4Editor-RuntimePhysXCooking.dll (API version 3709383).
LogModuleManager: Display: Found up-to-date module file ../../../Engine/Plugins/Runtime/Steam/SteamVR/Binaries/Win64/UE4Editor-SteamVR.dll (API version 3709383).
LogModuleManager: Display: Found up-to-date module file ../../../Engine/Plugins/Runtime/Steam/SteamVR/Binaries/Win64/UE4Editor-SteamVRController.dll (API version 3709383).
LogModuleManager: Display: Found up-to-date module file ../../../Engine/Plugins/Runtime/WindowsMoviePlayer/Binaries/Win64/UE4Editor-WindowsMoviePlayer.dll (API version 3709383).
LogInit: Using libcurl 7.47.1
LogInit:  - built for x86_64-pc-win32
LogInit:  - supports SSL with OpenSSL/1.0.2g
LogInit:  - supports HTTP deflate (compression) using libz 1.2.8
LogInit:  - other features:
LogInit:      CURL_VERSION_SSL
LogInit:      CURL_VERSION_LIBZ
LogInit:      CURL_VERSION_IPV6
LogInit:      CURL_VERSION_ASYNCHDNS
LogInit:      CURL_VERSION_LARGEFILE
LogInit:      CURL_VERSION_IDN
LogInit:  CurlRequestOptions (configurable via config and command line):
LogInit:  - bVerifyPeer = false  - Libcurl will NOT verify peer certificate
LogInit:  - bUseHttpProxy = false  - Libcurl will NOT use HTTP proxy
LogInit:  - bDontReuseConnections = false  - Libcurl will reuse connections
LogInit:  - CertBundlePath = nullptr  - Libcurl will use whatever was configured at build time.
LogInit: Build: ++UE4+Release-4.18-CL-3832480
LogInit: Engine Version: 4.18.3-3832480+++UE4+Release-4.18
LogInit: Compatible Engine Version: 4.18.0-3709383+++UE4+Release-4.18
LogInit: Net CL: 3709383
LogDevObjectVersion: Number of dev versions registered: 16
LogDevObjectVersion:   Dev-Blueprints (B0D832E4-1F89-4F0D-ACCF-7EB736FD4AA2): 10
LogDevObjectVersion:   Dev-Build (E1C64328-A22C-4D53-A36C-8E866417BD8C): 0
LogDevObjectVersion:   Dev-Core (375EC13C-06E4-48FB-B500-84F0262A717E): 2
LogDevObjectVersion:   Dev-Editor (E4B068ED-F494-42E9-A231-DA0B2E46BB41): 20
LogDevObjectVersion:   Dev-Framework (CFFC743F-43B0-4480-9391-14DF171D2073): 30
LogDevObjectVersion:   Dev-Mobile (B02B49B5-BB20-44E9-A304-32B752E40360): 0
LogDevObjectVersion:   Dev-Networking (A4E4105C-59A1-49B5-A7C5-40C4547EDFEE): 0
LogDevObjectVersion:   Dev-Online (39C831C9-5AE6-47DC-9A44-9C173E1C8E7C): 0
LogDevObjectVersion:   Dev-Physics (78F01B33-EBEA-4F98-B9B4-84EACCB95AA2): 0
LogDevObjectVersion:   Dev-Platform (6631380F-2D4D-43E0-8009-CF276956A95A): 0
LogDevObjectVersion:   Dev-Rendering (12F88B9F-8875-4AFC-A67C-D90C383ABD29): 20
LogDevObjectVersion:   Dev-Sequencer (7B5AE74C-D270-4C10-A958-57980B212A5A): 4
LogDevObjectVersion:   Dev-VR (D7296918-1DD6-4BDD-9DE2-64A83CC13884): 0
LogDevObjectVersion:   Dev-LoadTimes (C2A15278-BFE7-4AFE-6C17-90FF531DF755): 1
LogDevObjectVersion:   Private-Geometry (6EACA3D4-40EC-4CC1-B786-8BED09428FC5): 1
LogDevObjectVersion:   Dev-AnimPhys (29E575DD-E0A3-4627-9D10-D276232CDCEA): 12
LogInit: Compiled (64-bit): Jan 12 2018 02:04:55
LogInit: Compiled with Visual C++: 19.00.24215.01
LogInit: Build Configuration: Development
LogInit: Branch Name: ++UE4+Release-4.18
LogInit: Command line:  
LogInit: Base directory: C:/Program Files/Epic Games/UE_4.18/Engine/Binaries/Win64/
LogInit: Installed Engine Build: 1
LogInit: Presizing for max 8388607 objects, including 0 objects not considered by GC, pre-allocating 0 bytes for permanent pool.
LogInit: Object subsystem initialized
[2018.02.22-23.21.03:105][  0]LogInit: Selected Device Profile: [Windows]
[2018.02.22-23.21.03:105][  0]LogInit: Applying CVar settings loaded from the selected device profile: [Windows]
[2018.02.22-23.21.03:133][  0]LogInit: Computer: DESKTOP-HS70H9R
[2018.02.22-23.21.03:133][  0]LogInit: User: vmotl
[2018.02.22-23.21.03:133][  0]LogInit: CPU Page size=4096, Cores=4
[2018.02.22-23.21.03:133][  0]LogInit: High frequency timer resolution =4.101560 MHz
[2018.02.22-23.21.03:133][  0]LogMemory: Memory total: Physical=16.0GB (16GB approx)
[2018.02.22-23.21.03:133][  0]LogMemory: Platform Memory Stats for Windows
[2018.02.22-23.21.03:133][  0]LogMemory: Process Physical Memory: 271.65 MB used, 271.65 MB peak
[2018.02.22-23.21.03:133][  0]LogMemory: Process Virtual Memory: 269.75 MB used, 269.75 MB peak
[2018.02.22-23.21.03:133][  0]LogMemory: Physical Memory: 7645.77 MB used,  8696.22 MB free, 16341.99 MB total
[2018.02.22-23.21.03:133][  0]LogMemory: Virtual Memory: 682.28 MB used,  8696.22 MB free, 134217728.00 MB total
[2018.02.22-23.21.03:284][  0]LogInit: Using OS detected language (ru-RU).
[2018.02.22-23.21.03:284][  0]LogInit: Using OS detected locale (ru-RU).
[2018.02.22-23.21.03:291][  0]LogTextLocalizationManager: No localization for 'ru-RU' exists, so 'en' will be used for the language.
[2018.02.22-23.21.03:291][  0]LogTextLocalizationManager: No localization for 'ru-RU' exists, so 'en' will be used for the locale.
[2018.02.22-23.21.03:602][  0]LogInit: Setting process to per monitor DPI aware
[2018.02.22-23.21.03:876][  0]LogD3D11RHI: D3D11 adapters:
[2018.02.22-23.21.03:919][  0]LogD3D11RHI:    0. 'NVIDIA GeForce GTX 1080 Ti' (Feature Level 11_0)
[2018.02.22-23.21.03:919][  0]LogD3D11RHI:       11127/0/8170 MB DedicatedVideo/DedicatedSystem/SharedSystem, Outputs:1, VendorId:0x10de
[2018.02.22-23.21.03:921][  0]LogD3D11RHI:    1. 'Microsoft Basic Render Driver' (Feature Level 11_0)
[2018.02.22-23.21.03:921][  0]LogD3D11RHI:       0/0/8170 MB DedicatedVideo/DedicatedSystem/SharedSystem, Outputs:0, VendorId:0x1414
[2018.02.22-23.21.03:921][  0]LogD3D11RHI: Chosen D3D11 Adapter: 0
[2018.02.22-23.21.03:927][  0]LogD3D11RHI: Creating new Direct3DDevice
[2018.02.22-23.21.03:927][  0]LogD3D11RHI:     GPU DeviceId: 0x1b06 (for the marketing name, search the web for "GPU Device Id")
[2018.02.22-23.21.03:927][  0]LogWindows: EnumDisplayDevices:
[2018.02.22-23.21.03:927][  0]LogWindows:    0. 'NVIDIA GeForce GTX 1080 Ti' (P:1 D:1)
[2018.02.22-23.21.03:927][  0]LogWindows:    1. 'NVIDIA GeForce GTX 1080 Ti' (P:0 D:0)
[2018.02.22-23.21.03:927][  0]LogWindows:    2. 'NVIDIA GeForce GTX 1080 Ti' (P:0 D:0)
[2018.02.22-23.21.03:927][  0]LogWindows:    3. 'NVIDIA GeForce GTX 1080 Ti' (P:0 D:0)
[2018.02.22-23.21.03:927][  0]LogWindows: DebugString: GetVideoDriverDetailsInvalid PrimaryIsNotTheChoosenAdapter GetVideoDriverDetailsInvalid PrimaryIsNotTheChoosenAdapter GetVideoDriverDetailsInvalid PrimaryIsNotTheChoosenAdapter GetVideoDriverDetailsInvalid PrimaryIsNotTheChoosenAdapter FoundDriverCount:0 
[2018.02.22-23.21.03:927][  0]LogD3D11RHI:     Adapter Name: NVIDIA GeForce GTX 1080 Ti
[2018.02.22-23.21.03:927][  0]LogD3D11RHI:   Driver Version: Unknown (internal:Unknown, unified:Unknown)
[2018.02.22-23.21.03:927][  0]LogD3D11RHI:      Driver Date: Unknown
[2018.02.22-23.21.03:927][  0]LogRHI: Texture pool is 7788 MB (70% of 11127 MB)
[2018.02.22-23.21.03:946][  0]LogD3D11RHI: Async texture creation enabled
[2018.02.22-23.21.03:962][  0]LogD3D11RHI: GPU Timing Frequency: 1000.000000 (Debug: 2 2)
[2018.02.22-23.21.04:004][  0]LogShaderCompilers: Guid format shader working directory is 17 characters bigger than the processId version (D:/Unreal Projects/myproject/Intermediate/Shaders/WorkingDirectory/20756/).
[2018.02.22-23.21.04:004][  0]LogShaderCompilers: Cleaned the shader compiler working directory 'C:/Users/vmotl/AppData/Local/Temp/UnrealShaderWorkingDir/16192BC24DFC624F00C09AB6300E0E9E/'.
[2018.02.22-23.21.04:004][  0]LogShaderCompilers: Display: Using Local Shader Compiler.
[2018.02.22-23.21.04:758][  0]LogTemp: Display: Loaded TP AllDesktopTargetPlatform
[2018.02.22-23.21.04:800][  0]LogTemp: Display: Loaded TP MacClientTargetPlatform
[2018.02.22-23.21.04:844][  0]LogTemp: Display: Loaded TP MacNoEditorTargetPlatform
[2018.02.22-23.21.04:887][  0]LogTemp: Display: Loaded TP MacServerTargetPlatform
[2018.02.22-23.21.04:934][  0]LogTemp: Display: Loaded TP MacTargetPlatform
[2018.02.22-23.21.04:977][  0]LogTemp: Display: Loaded TP WindowsClientTargetPlatform
[2018.02.22-23.21.05:020][  0]LogTemp: Display: Loaded TP WindowsNoEditorTargetPlatform
[2018.02.22-23.21.05:064][  0]LogTemp: Display: Loaded TP WindowsServerTargetPlatform
[2018.02.22-23.21.05:104][  0]LogTemp: Display: Loaded TP WindowsTargetPlatform
[2018.02.22-23.21.05:148][  0]LogTemp: Display: Loaded TP Android_ASTCTargetPlatform
[2018.02.22-23.21.05:191][  0]LogTemp: Display: Loaded TP Android_ATCTargetPlatform
[2018.02.22-23.21.05:235][  0]LogTemp: Display: Loaded TP Android_DXTTargetPlatform
[2018.02.22-23.21.05:277][  0]LogTemp: Display: Loaded TP Android_ETC1TargetPlatform
[2018.02.22-23.21.05:319][  0]LogTemp: Display: Loaded TP Android_ETC2TargetPlatform
[2018.02.22-23.21.05:405][  0]LogTemp: Display: Loaded TP Android_MultiTargetPlatform
[2018.02.22-23.21.05:405][  0]LogTemp: Display: Loaded TP Android_PVRTCTargetPlatform
[2018.02.22-23.21.05:450][  0]LogTemp: Display: Loaded TP AndroidTargetPlatform
[2018.02.22-23.21.05:484][  0]LogTemp: Display: Loaded TP HTML5TargetPlatform
[2018.02.22-23.21.05:568][  0]LogTemp: Display: Loaded TP IOSTargetPlatform
[2018.02.22-23.21.05:590][  0]LogTemp: Display: Loaded TP TVOSTargetPlatform
[2018.02.22-23.21.05:632][  0]LogTemp: Display: Loaded TP LinuxClientTargetPlatform
[2018.02.22-23.21.05:674][  0]LogTemp: Display: Loaded TP LinuxNoEditorTargetPlatform
[2018.02.22-23.21.05:716][  0]LogTemp: Display: Loaded TP LinuxServerTargetPlatform
[2018.02.22-23.21.05:760][  0]LogTemp: Display: Loaded TP LinuxTargetPlatform
[2018.02.22-23.21.05:760][  0]LogTargetPlatformManager: Display: Building Assets For Windows
[2018.02.22-23.21.06:228][  0]LogDerivedDataCache: Display: Max Cache Size: 512 MB
[2018.02.22-23.21.06:472][  0]LogDerivedDataCache: Loaded boot cache 0.24s 78MB C:/Users/vmotl/AppData/Local/UnrealEngine/4.18/DerivedDataCache/Boot.ddc.
[2018.02.22-23.21.06:472][  0]LogDerivedDataCache: Display: Loaded Boot cache: C:/Users/vmotl/AppData/Local/UnrealEngine/4.18/DerivedDataCache/Boot.ddc
[2018.02.22-23.21.06:472][  0]LogDerivedDataCache: FDerivedDataBackendGraph:  Pak pak cache file D:/Unreal Projects/myproject/DerivedDataCache/DDC.ddp not found, will not use a pak cache.
[2018.02.22-23.21.06:472][  0]LogDerivedDataCache: Unable to find inner node Pak for hierarchical cache Hierarchy.
[2018.02.22-23.21.06:472][  0]LogDerivedDataCache: FDerivedDataBackendGraph:  CompressedPak pak cache file D:/Unreal Projects/myproject/DerivedDataCache/Compressed.ddp not found, will not use a pak cache.
[2018.02.22-23.21.06:472][  0]LogDerivedDataCache: Unable to find inner node CompressedPak for hierarchical cache Hierarchy.
[2018.02.22-23.21.06:486][  0]LogDerivedDataCache: Display: Pak cache opened for reading ../../../Engine/DerivedDataCache/Compressed.ddp.
[2018.02.22-23.21.06:498][  0]LogDerivedDataCache: Using Local data cache path C:/Users/vmotl/AppData/Local/UnrealEngine/Common/DerivedDataCache: Writable
[2018.02.22-23.21.06:505][  0]LogMaterial: Verifying Global Shaders for PCD3D_SM5
[2018.02.22-23.21.06:505][  0]LogSlate: Using Freetype 2.6.0
[2018.02.22-23.21.06:509][  0]LogSlate: SlateFontCache - WITH_FREETYPE: 1, WITH_HARFBUZZ: 1
[2018.02.22-23.21.06:509][  0]LogSlate: SlateFontCache - WITH_FREETYPE: 1, WITH_HARFBUZZ: 1
[2018.02.22-23.21.07:134][  0]LogInit: Selected Device Profile: [Windows]
[2018.02.22-23.21.07:471][  0]LogSimplygon: Simplygon DLL not present - disabling.
[2018.02.22-23.21.07:507][  0]LogMeshReduction: Using SimplygonSwarm for distributed automatic mesh merging
[2018.02.22-23.21.07:507][  0]LogMeshReduction: Using QuadricMeshReduction for automatic static mesh reduction
[2018.02.22-23.21.07:507][  0]LogMeshReduction: No automatic skeletal mesh reduction module available
[2018.02.22-23.21.07:507][  0]LogMeshReduction: No automatic mesh merging module available
[2018.02.22-23.21.07:507][  0]LogMeshMerging: No automatic mesh merging module available
[2018.02.22-23.21.07:531][  0]LogNetVersion: Strategy , NetCL: 3709383, EngineNetVer: 2, GameNetVer: 0 (Checksum: 2322236227)
[2018.02.22-23.21.07:673][  0]LogAssetRegistry: FAssetRegistry took 0.0248 seconds to start up
[2018.02.22-23.21.08:127][  0]LogPackageLocalizationCache: Processed 7 localized package path(s) for 1 prioritized culture(s) in 0.017255 seconds
[2018.02.22-23.21.08:131][  0]LogUObjectArray: 35870 objects as part of root set at end of initial load.
[2018.02.22-23.21.08:131][  0]LogUObjectAllocator: 7363696 out of 0 bytes used by permanent object pool.
[2018.02.22-23.21.08:131][  0]LogUObjectArray: CloseDisregardForGC: 0/0 objects in disregard for GC pool
[2018.02.22-23.21.08:179][  0]LogInit: WinSock: version 1.1 (2.2), MaxSocks=32767, MaxUdp=65467
[2018.02.22-23.21.11:636][  0]LogTcpMessaging: Initializing TcpMessaging bridge
[2018.02.22-23.21.11:678][  0]LogUdpMessaging: Initializing bridge on interface 0.0.0.0:0 to multicast group 230.0.0.1:6666.
[2018.02.22-23.21.12:507][  0]LogMaterial: Uniform references updated for custom material expression Custom.
[2018.02.22-23.21.12:889][  0]SourceControl: Source control is disabled
[2018.02.22-23.21.12:889][  0]SourceControl: Source control is disabled
[2018.02.22-23.21.12:937][  0]SourceControl: Source control is disabled
[2018.02.22-23.21.12:993][  0]SourceControl: Source control is disabled
[2018.02.22-23.21.13:731][  0]LogAndroidPermission: UAndroidPermissionCallbackProxy::GetInstance
[2018.02.22-23.21.13:980][  0]LogOcInput: OculusInput pre-init called
[2018.02.22-23.21.14:212][  0]LogEngine: Initializing Engine...
[2018.02.22-23.21.14:214][  0]LogHMD: Failed to initialize OpenVR with code 110
[2018.02.22-23.21.14:378][  0]LogStats: UGameplayTagsManager::ConstructGameplayTagTree: Construct from data asset -  0.000 s
[2018.02.22-23.21.14:378][  0]LogStats: UGameplayTagsManager::ConstructGameplayTagTree: GameplayTagTreeChangedEvent.Broadcast -  0.000 s
[2018.02.22-23.21.14:495][  0]LogAIModule: Creating AISystem for world Untitled
[2018.02.22-23.21.14:500][  0]LogInit: XAudio2 using 'Динамики (Sound Blaster Recon3Di)' : 2 channels at 48 kHz using 32 bits per sample (channel mask 0x3)
[2018.02.22-23.21.14:516][  0]LogInit: FAudioDevice initialized.
[2018.02.22-23.21.14:630][  0]LogDerivedDataCache: Saved boot cache 0.11s 78MB C:/Users/vmotl/AppData/Local/UnrealEngine/4.18/DerivedDataCache/Boot.ddc.
[2018.02.22-23.21.14:647][  0]LogInit: Texture streaming: Enabled
[2018.02.22-23.21.14:740][  0]LogEngineSessionManager: EngineSessionManager initialized
[2018.02.22-23.21.14:853][  0]LogWindowsTextInputMethodSystem: Display: IME system now deactivated.
[2018.02.22-23.21.14:912][  0]LogInit: Transaction tracking system initialized
[2018.02.22-23.21.15:272][  0]BlueprintLog: New page: Editor Load
[2018.02.22-23.21.16:095][  0]LocalizationService: Localization service is disabled
[2018.02.22-23.21.16:948][  0]LogConsoleResponse: Display: 
[2018.02.22-23.21.17:119][  0]LogFileCache: Scanning file cache for directory 'D:/Unreal Projects/myproject/Content/' took 0.01s
[2018.02.22-23.21.17:119][  0]LogCook: Display: Max memory allowance for cook 16384mb min free memory 0mb
[2018.02.22-23.21.17:119][  0]LogCook: Display: Mobile HDR setting 1
[2018.02.22-23.21.17:119][  0]LogGameplayTags: Display: UGameplayTagsManager::DoneAddingNativeTags. DelegateIsBound: 0
[2018.02.22-23.21.18:204][  0]SourceControl: Source control is disabled
[2018.02.22-23.21.18:204][  0]Cmd: MAP LOAD FILE="../../../Engine/Content/Maps/Templates/Template_Default.umap" TEMPLATE=1 SHOWPROGRESS=1 FEATURELEVEL=3
[2018.02.22-23.21.18:208][  0]LightingResults: New page: Lighting Build
[2018.02.22-23.21.18:244][  0]MapCheck: New page: Map Check
[2018.02.22-23.21.18:244][  0]LightingResults: New page: Lighting Build
[2018.02.22-23.21.18:417][  0]LogAIModule: Creating AISystem for world Untitled_1
[2018.02.22-23.21.18:422][  0]LogEditorServer: Finished looking for orphan Actors (0.000 secs)
[2018.02.22-23.21.18:429][  0]Cmd: MAP CHECKDEP NOCLEARLOG
[2018.02.22-23.21.18:470][  0]MapCheck: Map check complete: 0 Error(s), 0 Warning(s), took 40.564ms to complete.
[2018.02.22-23.21.18:470][  0]LogFileHelpers: Loading map 'Template_Default' took 0.265
[2018.02.22-23.21.18:591][  0]LogCollectionManager: Loaded 0 collections in 0.001861 seconds
[2018.02.22-23.21.18:670][  0]LogFileCache: Scanning file cache for directory 'D:/Unreal Projects/myproject/Saved/Collections/' took 0.01s
[2018.02.22-23.21.18:670][  0]LogFileCache: Scanning file cache for directory 'D:/Unreal Projects/myproject/Content/Developers/vmotl/Collections/' took 0.01s
[2018.02.22-23.21.18:671][  0]LogFileCache: Scanning file cache for directory 'D:/Unreal Projects/myproject/Content/Collections/' took 0.01s
[2018.02.22-23.21.18:671][  0]LogCollectionManager: Rebuilt the GUID cache for 0 collections in 0.000000 seconds
[2018.02.22-23.21.18:677][  0]LogContentBrowser: Native class hierarchy populated in 0.0061 seconds. Added 2367 classes and 523 folders.
[2018.02.22-23.21.18:750][  0]LogContentBrowser: Native class hierarchy updated for 'WidgetCarousel' in 0.0005 seconds. Added 0 classes and 0 folders.
[2018.02.22-23.21.18:850][  0]LogContentBrowser: Native class hierarchy updated for 'AddContentDialog' in 0.0005 seconds. Added 0 classes and 0 folders.
[2018.02.22-23.21.18:892][  0]LogContentBrowser: Native class hierarchy updated for 'SceneOutliner' in 0.0005 seconds. Added 1 classes and 2 folders.
[2018.02.22-23.21.18:943][  0]LogSlate: Took 0.016608 seconds to synchronously load lazily loaded font '../../../Engine/Content/Slate/Fonts/Roboto-Regular.ttf' (155K)
[2018.02.22-23.21.18:945][  0]LogSlate: Took 0.001320 seconds to synchronously load lazily loaded font '../../../Engine/Content/Slate/Fonts/Roboto-Bold.ttf' (160K)
[2018.02.22-23.21.18:950][  0]LogSlate: Took 0.001170 seconds to synchronously load lazily loaded font '../../../Engine/Content/Editor/Slate/Fonts/FontAwesome.ttf' (139K)
[2018.02.22-23.21.19:022][  0]LogRenderer: Reallocating scene render targets to support 1208x576 Format 9 NumSamples 1 (Frame:1).
[2018.02.22-23.21.19:228][  0]LogContentBrowser: Native class hierarchy updated for 'HierarchicalLODOutliner' in 0.0005 seconds. Added 1 classes and 2 folders.
[2018.02.22-23.21.19:228][  0]LogLoad: (Engine Initialization) Total time: 18.72 seconds
[2018.02.22-23.21.19:228][  0]LogLoad: (Engine Initialization) Total Blueprint compile time: 0.00 seconds
[2018.02.22-23.21.19:228][  0]LogExternalProfiler: No external profilers were discovered.  External profiling features will not be available.
[2018.02.22-23.21.19:248][  0]LogAssetRegistry: Asset discovery search completed in 11.5971 seconds
[2018.02.22-23.21.19:249][  0]LogCollectionManager: Rebuilt the object cache for 0 collections in 0.000000 seconds (found 0 objects)
[2018.02.22-23.21.19:249][  0]LogCollectionManager: Fixed up redirectors for 0 collections in 0.000033 seconds (updated 0 objects)
[2018.02.22-23.21.19:251][  0]LogContentStreaming: Texture pool size now 600 MB
[2018.02.22-23.21.19:286][  0]LogSlate: Took 0.003631 seconds to synchronously load lazily loaded font '../../../Engine/Content/Slate/Fonts/Roboto-Light.ttf' (159K)
[2018.02.22-23.21.30:149][282]LogTemp: Repeating last play command: Selected Viewport
[2018.02.22-23.21.30:163][282]LogPlayLevel: PlayLevel: No blueprints needed recompiling
[2018.02.22-23.21.30:163][282]PIE: New page: PIE session: Untitled_1 (Feb 23, 2018, 3:21:30 AM)
[2018.02.22-23.21.30:163][282]LogPlayLevel: Creating play world package: /Temp/UEDPIE_0_Untitled_1
[2018.02.22-23.21.30:167][282]LogPlayLevel: PIE: StaticDuplicateObject took: (0.003753s)
[2018.02.22-23.21.30:167][282]LogAIModule: Creating AISystem for world Untitled_1
[2018.02.22-23.21.30:168][282]LogPlayLevel: PIE: World Init took: (0.000658s)
[2018.02.22-23.21.30:168][282]LogPlayLevel: PIE: Created PIE world by copying editor world from /Temp/Untitled_1.Untitled_1 to /Temp/UEDPIE_0_Untitled_1.Untitled_1 (0.004633s)
[2018.02.22-23.21.30:176][282]LogInit: XAudio2 using 'Динамики (Sound Blaster Recon3Di)' : 2 channels at 48 kHz using 32 bits per sample (channel mask 0x3)
[2018.02.22-23.21.30:181][282]LogInit: FAudioDevice initialized.
[2018.02.22-23.21.30:233][282]LogLoad: Game class is 'BPStrategyGameModeBase_C'
[2018.02.22-23.21.30:234][282]LogWorld: Bringing World /Temp/UEDPIE_0_Untitled_1.Untitled_1 up for play (max tick rate 0) at 2018.02.23-01.21.30
[2018.02.22-23.21.30:235][282]LogWorld: Bringing up level for play took: 0.000503
[2018.02.22-23.21.30:271][282]LogContentBrowser: Native class hierarchy updated for 'MovieSceneCapture' in 0.0005 seconds. Added 11 classes and 0 folders.
[2018.02.22-23.21.30:273][282]PIE: Play in editor start time for /Temp/UEDPIE_0_Untitled_1 -0.609
[2018.02.22-23.21.34:493][780]LogTemp: Repeating last play command: Selected Viewport
[2018.02.22-23.21.34:499][780]LogPlayLevel: PlayLevel: No blueprints needed recompiling
[2018.02.22-23.21.34:499][780]PIE: New page: PIE session: Untitled_1 (Feb 23, 2018, 3:21:34 AM)
[2018.02.22-23.21.34:499][780]LogPlayLevel: Creating play world package: /Temp/UEDPIE_0_Untitled_1
[2018.02.22-23.21.34:503][780]LogPlayLevel: PIE: StaticDuplicateObject took: (0.003105s)
[2018.02.22-23.21.34:503][780]LogAIModule: Creating AISystem for world Untitled_1
[2018.02.22-23.21.34:503][780]LogPlayLevel: PIE: World Init took: (0.000715s)
[2018.02.22-23.21.34:504][780]LogPlayLevel: PIE: Created PIE world by copying editor world from /Temp/Untitled_1.Untitled_1 to /Temp/UEDPIE_0_Untitled_1.Untitled_1 (0.004154s)
[2018.02.22-23.21.34:511][780]LogInit: XAudio2 using 'Динамики (Sound Blaster Recon3Di)' : 2 channels at 48 kHz using 32 bits per sample (channel mask 0x3)
[2018.02.22-23.21.34:516][780]LogInit: FAudioDevice initialized.
[2018.02.22-23.21.34:543][780]LogLoad: Game class is 'BPStrategyGameModeBase_C'
[2018.02.22-23.21.34:543][780]LogWorld: Bringing World /Temp/UEDPIE_0_Untitled_1.Untitled_1 up for play (max tick rate 0) at 2018.02.23-01.21.34
[2018.02.22-23.21.34:544][780]LogWorld: Bringing up level for play took: 0.000425
[2018.02.22-23.21.34:545][780]PIE: Play in editor start time for /Temp/UEDPIE_0_Untitled_1 -0.337
[2018.02.22-23.21.49:020][506]LogSlate: Took 0.000118 seconds to synchronously load lazily loaded font '../../../Engine/Content/Slate/Fonts/Roboto-Light.ttf' (159K)
[2018.02.22-23.21.49:037][506]LogAIModule: Creating AISystem for world Default
[2018.02.22-23.21.49:048][506]Cmd: MAP LOAD FILE="D:/Unreal Projects/myproject/Content/Default.umap" TEMPLATE=0 SHOWPROGRESS=1 FEATURELEVEL=3
[2018.02.22-23.21.49:048][506]LightingResults: New page: Lighting Build
[2018.02.22-23.21.49:048][506]LoadErrors: New page: Loading map: Default.umap
[2018.02.22-23.21.49:048][506]MapCheck: New page: Map Check
[2018.02.22-23.21.49:048][506]LightingResults: New page: Lighting Build
[2018.02.22-23.21.49:057][506]LogEditorServer: Finished looking for orphan Actors (0.000 secs)
[2018.02.22-23.21.49:072][506]Cmd: MAP CHECKDEP NOCLEARLOG
[2018.02.22-23.21.49:112][506]MapCheck: Map check complete: 0 Error(s), 0 Warning(s), took 39.786ms to complete.
[2018.02.22-23.21.49:112][506]LogFileHelpers: Loading map 'Default' took 0.065
[2018.02.22-23.21.50:041][615]LogTemp: Repeating last play command: Selected Viewport
[2018.02.22-23.21.50:047][615]LogPlayLevel: PlayLevel: No blueprints needed recompiling
[2018.02.22-23.21.50:048][615]PIE: New page: PIE session: Default (Feb 23, 2018, 3:21:50 AM)
[2018.02.22-23.21.50:048][615]LogPlayLevel: Creating play world package: /Game/UEDPIE_0_Default
[2018.02.22-23.21.50:050][615]LogPlayLevel: PIE: StaticDuplicateObject took: (0.002303s)
[2018.02.22-23.21.50:051][615]LogAIModule: Creating AISystem for world Default
[2018.02.22-23.21.50:051][615]LogPlayLevel: PIE: World Init took: (0.000861s)
[2018.02.22-23.21.50:051][615]LogPlayLevel: PIE: Created PIE world by copying editor world from /Game/Default.Default to /Game/UEDPIE_0_Default.Default (0.003461s)
[2018.02.22-23.21.50:059][615]LogInit: XAudio2 using 'Динамики (Sound Blaster Recon3Di)' : 2 channels at 48 kHz using 32 bits per sample (channel mask 0x3)
[2018.02.22-23.21.50:063][615]LogInit: FAudioDevice initialized.
[2018.02.22-23.21.50:095][615]LogLoad: Game class is 'BPStrategyGameModeBase_C'
[2018.02.22-23.21.50:095][615]LogWorld: Bringing World /Game/UEDPIE_0_Default.Default up for play (max tick rate 0) at 2018.02.23-01.21.50
[2018.02.22-23.21.50:096][615]LogWorld: Bringing up level for play took: 0.000468
[2018.02.22-23.21.50:097][615]PIE: Play in editor start time for /Game/UEDPIE_0_Default -0.784
[2018.02.22-23.21.59:711][731]LogContentBrowser: Native class hierarchy updated for 'BlueprintGraph' in 0.0008 seconds. Added 116 classes and 0 folders.
[2018.02.22-23.22.00:135][731]LogSlate: Took 0.000131 seconds to synchronously load lazily loaded font '../../../Engine/Content/Slate/Fonts/Roboto-Regular.ttf' (155K)
[2018.02.22-23.22.00:185][731]LogSlate: Took 0.001307 seconds to synchronously load lazily loaded font '../../../Engine/Content/Editor/Slate/Fonts/Roboto-BoldCondensed.ttf' (158K)
[2018.02.22-23.22.06:673][374]LogTemp: Repeating last play command: Selected Viewport
[2018.02.22-23.22.06:683][374]LogPlayLevel: PlayLevel: No blueprints needed recompiling
[2018.02.22-23.22.06:683][374]PIE: New page: PIE session: Default (Feb 23, 2018, 3:22:06 AM)
[2018.02.22-23.22.06:683][374]LogPlayLevel: Creating play world package: /Game/UEDPIE_0_Default
[2018.02.22-23.22.06:686][374]LogPlayLevel: PIE: StaticDuplicateObject took: (0.002264s)
[2018.02.22-23.22.06:686][374]LogAIModule: Creating AISystem for world Default
[2018.02.22-23.22.06:686][374]LogPlayLevel: PIE: World Init took: (0.000723s)
[2018.02.22-23.22.06:687][374]LogPlayLevel: PIE: Created PIE world by copying editor world from /Game/Default.Default to /Game/UEDPIE_0_Default.Default (0.003282s)
[2018.02.22-23.22.06:702][374]LogInit: XAudio2 using 'Динамики (Sound Blaster Recon3Di)' : 2 channels at 48 kHz using 32 bits per sample (channel mask 0x3)
[2018.02.22-23.22.06:708][374]LogInit: FAudioDevice initialized.
[2018.02.22-23.22.06:736][374]LogLoad: Game class is 'BPStrategyGameModeBase_C'
[2018.02.22-23.22.06:737][374]LogWorld: Bringing World /Game/UEDPIE_0_Default.Default up for play (max tick rate 0) at 2018.02.23-01.22.06
[2018.02.22-23.22.06:737][374]LogWorld: Bringing up level for play took: 0.000476
[2018.02.22-23.22.06:738][374]PIE: Play in editor start time for /Game/UEDPIE_0_Default -0.143
[2018.02.22-23.22.11:744][967]LogVSAccessor: Warning: Couldn't access Visual Studio
[2018.02.22-23.22.11:747][967]Candidate modules for hot reload:
[2018.02.22-23.22.11:747][967]  Strategy
[2018.02.22-23.22.11:747][967]Launching UnrealBuildTool... [C:/Program Files/Epic Games/UE_4.18/Engine/Binaries/DotNET/UnrealBuildTool.exe Strategy -ModuleWithSuffix Strategy 5021 Win64 Development -editorrecompile -canskiplink "D:/Unreal Projects/myproject/Strategy.uproject" ]
[2018.02.22-23.22.11:751][967]Warning: Starting HotReload took  0.0s.
[2018.02.22-23.22.29:507][ 69]CompilerResultsLog: New page: Compilation - Feb 23, 2018, 3:22:29 AM
[2018.02.22-23.22.29:507][ 69]CompilerResultsLog: Using 'git status' to determine working set for adaptive non-unity build.
[2018.02.22-23.22.29:507][ 69]CompilerResultsLog: Creating makefile for hot reloading Strategy (.uproject file is newer)
[2018.02.22-23.22.29:507][ 69]CompilerResultsLog: Compiling game modules for hot reload
[2018.02.22-23.22.29:507][ 69]CompilerResultsLog: Parsing headers for StrategyEditor
[2018.02.22-23.22.29:507][ 69]CompilerResultsLog:   Running UnrealHeaderTool "D:\Unreal Projects\myproject\Strategy.uproject" "D:\Unreal Projects\myproject\Intermediate\Build\Win64\StrategyEditor\Development\StrategyEditor.uhtmanifest" -LogCmds="loginit warning, logexit warning, logdatabase error" -Unattended -WarningsAsErrors -installed
[2018.02.22-23.22.29:507][ 69]CompilerResultsLog: Reflection code generated for StrategyEditor in 7,5303518 seconds
[2018.02.22-23.22.29:507][ 69]CompilerResultsLog: Performing 12 actions (4 in parallel)
[2018.02.22-23.22.29:508][ 69]CompilerResultsLog: StrategyGameModeBase.cpp
[2018.02.22-23.22.29:508][ 69]CompilerResultsLog: Strategy.cpp
[2018.02.22-23.22.29:508][ 69]CompilerResultsLog: StrategyPawn.cpp
[2018.02.22-23.22.29:508][ 69]CompilerResultsLog: StrategyPlayerController.cpp
[2018.02.22-23.22.29:508][ 69]CompilerResultsLog: MapView.cpp
[2018.02.22-23.22.29:508][ 69]CompilerResultsLog: MapView.gen.cpp
[2018.02.22-23.22.29:508][ 69]CompilerResultsLog: Strategy.init.gen.cpp
[2018.02.22-23.22.29:508][ 69]CompilerResultsLog: StrategyGameModeBase.gen.cpp
[2018.02.22-23.22.29:508][ 69]CompilerResultsLog: StrategyPawn.gen.cpp
[2018.02.22-23.22.29:508][ 69]CompilerResultsLog: StrategyPlayerController.gen.cpp
[2018.02.22-23.22.29:508][ 69]CompilerResultsLog: [11/12] Link UE4Editor-Strategy-5021.dll
[2018.02.22-23.22.29:508][ 69]CompilerResultsLog: [12/12] Link UE4Editor-Strategy-5021.lib
[2018.02.22-23.22.29:508][ 69]CompilerResultsLog:    Creating library D:\Unreal Projects\myproject\Intermediate\Build\Win64\UE4Editor\Development\UE4Editor-Strategy-5021.lib and object D:\Unreal Projects\myproject\Intermediate\Build\Win64\UE4Editor\Development\UE4Editor-Strategy-5021.exp
[2018.02.22-23.22.29:508][ 69]CompilerResultsLog:    Creating library D:\Unreal Projects\myproject\Intermediate\Build\Win64\UE4Editor\Development\UE4Editor-Strategy-5021.suppressed.lib and object D:\Unreal Projects\myproject\Intermediate\Build\Win64\UE4Editor\Development\UE4Editor-Strategy-5021.suppressed.exp
[2018.02.22-23.22.29:508][ 69]CompilerResultsLog: Total build time: 17,60 seconds (Local executor: 2,93 seconds)
[2018.02.22-23.22.29:508][ 69]LogMainFrame: MainFrame: Module compiling took 17.764 seconds
[2018.02.22-23.22.29:566][ 69]LogClass: Could not find existing class StrategyPawn in package /Script/Strategy for HotReload, assuming new class
[2018.02.22-23.22.29:571][ 69]LogHotReload: Re-instancing StrategyPawn after hot-reload.
[2018.02.22-23.22.29:630][ 69]LogContentBrowser: Native class hierarchy updated for 'Strategy' in 0.0006 seconds. Added 4 classes and 4 folders.
[2018.02.22-23.22.29:632][ 69]Display: HotReload successful (0 functions remapped  0 scriptstructs remapped)
[2018.02.22-23.22.29:855][ 69]LogContentBrowser: Native class hierarchy populated in 0.0061 seconds. Added 2369 classes and 527 folders.
[2018.02.22-23.22.29:855][ 69]Display: HotReload took 18.1s.
[2018.02.22-23.22.30:902][192]LogTemp: Repeating last play command: Selected Viewport
[2018.02.22-23.22.30:909][192]LogPlayLevel: PlayLevel: No blueprints needed recompiling
[2018.02.22-23.22.30:909][192]PIE: New page: PIE session: Default (Feb 23, 2018, 3:22:30 AM)
[2018.02.22-23.22.30:909][192]LogPlayLevel: Creating play world package: /Game/UEDPIE_0_Default
[2018.02.22-23.22.30:911][192]LogPlayLevel: PIE: StaticDuplicateObject took: (0.001801s)
[2018.02.22-23.22.30:911][192]LogAIModule: Creating AISystem for world Default
[2018.02.22-23.22.30:911][192]LogPlayLevel: PIE: World Init took: (0.000842s)
[2018.02.22-23.22.30:912][192]LogPlayLevel: PIE: Created PIE world by copying editor world from /Game/Default.Default to /Game/UEDPIE_0_Default.Default (0.002951s)
[2018.02.22-23.22.30:945][192]LogInit: XAudio2 using 'Динамики (Sound Blaster Recon3Di)' : 2 channels at 48 kHz using 32 bits per sample (channel mask 0x3)
[2018.02.22-23.22.30:950][192]LogInit: FAudioDevice initialized.
[2018.02.22-23.22.30:978][192]LogLoad: Game class is 'BPStrategyGameModeBase_C'
[2018.02.22-23.22.30:978][192]LogWorld: Bringing World /Game/UEDPIE_0_Default.Default up for play (max tick rate 0) at 2018.02.23-01.22.30
[2018.02.22-23.22.30:979][192]LogWorld: Bringing up level for play took: 0.000405
[2018.02.22-23.22.30:979][192]PIE: Play in editor start time for /Game/UEDPIE_0_Default 0.098
[2018.02.22-23.22.40:692][228]LogWindows: Error: === Critical error: ===
[2018.02.22-23.22.40:692][228]LogWindows: Error: 
[2018.02.22-23.22.40:692][228]LogWindows: Error: Fatal error!
[2018.02.22-23.22.40:693][228]LogWindows: Error: 
[2018.02.22-23.22.40:693][228]LogWindows: Error: Unhandled Exception: EXCEPTION_ACCESS_VIOLATION reading address 0x0000043c
[2018.02.22-23.22.40:693][228]LogWindows: Error: 
[2018.02.22-23.22.40:693][228]LogWindows: Error: [Callstack] 0x00000000C1EC4030 UE4Editor-Strategy-5021.dll!AMapView::ScrollMap() [d:\unreal projects\myproject\source\strategy\view\mapview.cpp:17]
[2018.02.22-23.22.40:693][228]LogWindows: Error: [Callstack] 0x00000000C1EC2494 UE4Editor-Strategy-5021.dll!AStrategyPawn::OnTouchMoved() [d:\unreal projects\myproject\source\strategy\game\strategypawn.cpp:54]
[2018.02.22-23.22.40:693][228]LogWindows: Error: [Callstack] 0x00000000C1EC3CA1 UE4Editor-Strategy-5021.dll!AStrategyPlayerController::Tick() [d:\unreal projects\myproject\source\strategy\game\strategyplayercontroller.cpp:34]
[2018.02.22-23.22.40:693][228]LogWindows: Error: [Callstack] 0x00000000A25E643C UE4Editor-Engine.dll!APlayerController::TickActor() [d:\build\++ue4+release-4.18+compile\sync\engine\source\runtime\engine\private\playercontroller.cpp:4345]
[2018.02.22-23.22.40:693][228]LogWindows: Error: [Callstack] 0x00000000A18B58B6 UE4Editor-Engine.dll!FActorTickFunction::ExecuteTick() [d:\build\++ue4+release-4.18+compile\sync\engine\source\runtime\engine\private\actor.cpp:132]
[2018.02.22-23.22.40:693][228]LogWindows: Error: [Callstack] 0x00000000A2909BDB UE4Editor-Engine.dll!FTickFunctionTask::DoTask() [d:\build\++ue4+release-4.18+compile\sync\engine\source\runtime\engine\private\ticktaskmanager.cpp:273]
[2018.02.22-23.22.40:693][228]LogWindows: Error: [Callstack] 0x00000000A290DD0B UE4Editor-Engine.dll!TGraphTask<FTickFunctionTask>::ExecuteTask() [d:\build\++ue4+release-4.18+compile\sync\engine\source\runtime\core\public\async\taskgraphinterfaces.h:784]
[2018.02.22-23.22.40:693][228]LogWindows: Error: [Callstack] 0x00000000A97D4845 UE4Editor-Core.dll!FNamedTaskThread::ProcessTasksNamedThread() [d:\build\++ue4+release-4.18+compile\sync\engine\source\runtime\core\private\async\taskgraph.cpp:651]
[2018.02.22-23.22.40:693][228]LogWindows: Error: [Callstack] 0x00000000A97D4E2A UE4Editor-Core.dll!FNamedTaskThread::ProcessTasksUntilQuit() [d:\build\++ue4+release-4.18+compile\sync\engine\source\runtime\core\private\async\taskgraph.cpp:560]
[2018.02.22-23.22.40:693][228]LogWindows: Error: [Callstack] 0x00000000A97F589E UE4Editor-Core.dll!FTaskGraphImplementation::WaitUntilTasksComplete() [d:\build\++ue4+release-4.18+compile\sync\engine\source\runtime\core\private\async\taskgraph.cpp:1330]
[2018.02.22-23.22.40:693][228]LogWindows: Error: [Callstack] 0x00000000A2927E11 UE4Editor-Engine.dll!FTickTaskSequencer::ReleaseTickGroup() [d:\build\++ue4+release-4.18+compile\sync\engine\source\runtime\engine\private\ticktaskmanager.cpp:542]
[2018.02.22-23.22.40:693][228]LogWindows: Error: [Callstack] 0x00000000A292C632 UE4Editor-Engine.dll!FTickTaskManager::RunTickGroup() [d:\build\++ue4+release-4.18+compile\sync\engine\source\runtime\engine\private\ticktaskmanager.cpp:1454]
[2018.02.22-23.22.40:693][228]LogWindows: Error: [Callstack] 0x00000000A221D104 UE4Editor-Engine.dll!UWorld::RunTickGroup() [d:\build\++ue4+release-4.18+compile\sync\engine\source\runtime\engine\private\leveltick.cpp:760]
[2018.02.22-23.22.40:693][228]LogWindows: Error: [Callstack] 0x00000000A2226448 UE4Editor-Engine.dll!UWorld::Tick() [d:\build\++ue4+release-4.18+compile\sync\engine\source\runtime\engine\private\leveltick.cpp:1408]
[2018.02.22-23.22.40:693][228]LogWindows: Error: [Callstack] 0x00000000A0406BA6 UE4Editor-UnrealEd.dll!UEditorEngine::Tick() [d:\build\++ue4+release-4.18+compile\sync\engine\source\editor\unrealed\private\editorengine.cpp:1659]
[2018.02.22-23.22.40:693][228]LogWindows: Error: [Callstack] 0x00000000A0CB4AC6 UE4Editor-UnrealEd.dll!UUnrealEdEngine::Tick() [d:\build\++ue4+release-4.18+compile\sync\engine\source\editor\unrealed\private\unrealedengine.cpp:396]
[2018.02.22-23.22.40:693][228]LogWindows: Error: [Callstack] 0x00000000380E5A26 UE4Editor.exe!FEngineLoop::Tick() [d:\build\++ue4+release-4.18+compile\sync\engine\source\runtime\launch\private\launchengineloop.cpp:3296]
[2018.02.22-23.22.40:693][228]LogWindows: Error: [Callstack] 0x00000000380F5430 UE4Editor.exe!GuardedMain() [d:\build\++ue4+release-4.18+compile\sync\engine\source\runtime\launch\private\launch.cpp:166]
[2018.02.22-23.22.40:693][228]LogWindows: Error: [Callstack] 0x00000000380F54AA UE4Editor.exe!GuardedMainWrapper() [d:\build\++ue4+release-4.18+compile\sync\engine\source\runtime\launch\private\windows\launchwindows.cpp:134]
[2018.02.22-23.22.40:693][228]LogWindows: Error: [Callstack] 0x0000000038102379 UE4Editor.exe!WinMain() [d:\build\++ue4+release-4.18+compile\sync\engine\source\runtime\launch\private\windows\launchwindows.cpp:210]
[2018.02.22-23.22.40:693][228]LogWindows: Error: [Callstack] 0x0000000038103D57 UE4Editor.exe!__scrt_common_main_seh() [f:\dd\vctools\crt\vcstartup\src\startup\exe_common.inl:253]
[2018.02.22-23.22.40:693][228]LogWindows: Error: [Callstack] 0x00000000E7301FE4 KERNEL32.DLL!UnknownFunction []
[2018.02.22-23.22.40:693][228]LogWindows: Error: [Callstack] 0x00000000E7C1EFC1 ntdll.dll!UnknownFunction []
[2018.02.22-23.22.40:693][228]LogWindows: Error: [Callstack] 0x00000000E7C1EFC1 ntdll.dll!UnknownFunction []
[2018.02.22-23.22.40:693][228]LogWindows: Error: 
[2018.02.22-23.22.40:706][228]LogExit: Executing StaticShutdownAfterError
[2018.02.22-23.22.40:709][228]LogWindows: FPlatformMisc::RequestExit(1)
[2018.02.22-23.22.40:710][228]Log file closed, 02/23/18 01:22:40
